2023-11-15 12:55:15,864 [1] INFO Microsoft.Hosting.Lifetime.?[?] - Now listening on: http://localhost:5041
2023-11-15 12:55:16,623 [1] INFO Microsoft.Hosting.Lifetime.OnApplicationStarted[0] - Application started. Press Ctrl+C to shut down.
2023-11-15 12:55:16,641 [1] INFO Microsoft.Hosting.Lifetime.OnApplicationStarted[0] - Hosting environment: Development
2023-11-15 12:55:16,646 [1] INFO Microsoft.Hosting.Lifetime.OnApplicationStarted[0] - Content root path: D:\hexaware\project\BusTicketingWebSolution\BusTicketingWebApplication\
2023-11-15 12:57:03,135 [.NET ThreadPool Worker] INFO Microsoft.EntityFrameworkCore.Infrastructure.?[?] - Entity Framework Core 6.0.24 initialized 'TicketingContext' using provider 'Microsoft.EntityFrameworkCore.SqlServer:6.0.24' with options: None
2023-11-15 12:57:14,019 [.NET ThreadPool Worker] INFO Microsoft.EntityFrameworkCore.Database.Command.?[?] - Executed DbCommand (427ms) [Parameters=[@__key_0='?' (Size = 450)], CommandType='Text', CommandTimeout='30']
SELECT TOP(2) [u].[Username], [u].[Key], [u].[Password], [u].[Role]
FROM [Users] AS [u]
WHERE [u].[Username] = @__key_0
2023-11-15 13:01:19,468 [.NET ThreadPool Worker] INFO Microsoft.EntityFrameworkCore.Infrastructure.?[?] - Entity Framework Core 6.0.24 initialized 'TicketingContext' using provider 'Microsoft.EntityFrameworkCore.SqlServer:6.0.24' with options: None
2023-11-15 13:01:20,527 [.NET ThreadPool Worker] INFO Microsoft.EntityFrameworkCore.Database.Command.?[?] - Executed DbCommand (188ms) [Parameters=[@p0='?' (DbType = Int32), @p1='?' (DbType = Single), @p2='?' (Size = 4000), @p3='?' (Size = 4000), @p4='?' (Size = 4000)], CommandType='Text', CommandTimeout='30']
SET NOCOUNT ON;
INSERT INTO [Buses] ([Capacity], [Cost], [End], [Start], [Type])
VALUES (@p0, @p1, @p2, @p3, @p4);
SELECT [Id]
FROM [Buses]
WHERE @@ROWCOUNT = 1 AND [Id] = scope_identity();
2023-11-15 13:01:42,020 [.NET ThreadPool Worker] INFO Microsoft.EntityFrameworkCore.Infrastructure.?[?] - Entity Framework Core 6.0.24 initialized 'TicketingContext' using provider 'Microsoft.EntityFrameworkCore.SqlServer:6.0.24' with options: None
2023-11-15 13:01:42,118 [.NET ThreadPool Worker] INFO Microsoft.EntityFrameworkCore.Database.Command.?[?] - Executed DbCommand (16ms) [Parameters=[], CommandType='Text', CommandTimeout='30']
SELECT COUNT(*)
FROM [Buses] AS [b]
2023-11-15 13:01:42,146 [.NET ThreadPool Worker] INFO Microsoft.EntityFrameworkCore.Database.Command.?[?] - Executed DbCommand (8ms) [Parameters=[], CommandType='Text', CommandTimeout='30']
SELECT [b].[Id], [b].[Capacity], [b].[Cost], [b].[End], [b].[Start], [b].[Type]
FROM [Buses] AS [b]
2023-11-15 13:01:44,063 [.NET ThreadPool Worker] INFO Microsoft.EntityFrameworkCore.Infrastructure.?[?] - Entity Framework Core 6.0.24 initialized 'TicketingContext' using provider 'Microsoft.EntityFrameworkCore.SqlServer:6.0.24' with options: None
2023-11-15 13:01:44,071 [.NET ThreadPool Worker] INFO Microsoft.EntityFrameworkCore.Database.Command.?[?] - Executed DbCommand (0ms) [Parameters=[], CommandType='Text', CommandTimeout='30']
SELECT COUNT(*)
FROM [Buses] AS [b]
2023-11-15 13:01:44,080 [.NET ThreadPool Worker] INFO Microsoft.EntityFrameworkCore.Database.Command.?[?] - Executed DbCommand (1ms) [Parameters=[], CommandType='Text', CommandTimeout='30']
SELECT [b].[Id], [b].[Capacity], [b].[Cost], [b].[End], [b].[Start], [b].[Type]
FROM [Buses] AS [b]
2023-11-15 15:52:44,575 [1] INFO Microsoft.Hosting.Lifetime.?[?] - Now listening on: http://localhost:5041
2023-11-15 15:52:45,011 [1] INFO Microsoft.Hosting.Lifetime.OnApplicationStarted[0] - Application started. Press Ctrl+C to shut down.
2023-11-15 15:52:45,025 [1] INFO Microsoft.Hosting.Lifetime.OnApplicationStarted[0] - Hosting environment: Development
2023-11-15 15:52:45,030 [1] INFO Microsoft.Hosting.Lifetime.OnApplicationStarted[0] - Content root path: D:\hexaware\project\BusTicketingWebSolution\BusTicketingWebApplication\
2023-11-23 23:34:30,462 [1] INFO Microsoft.EntityFrameworkCore.Infrastructure.?[?] - Entity Framework Core 6.0.24 initialized 'TicketingContext' using provider 'Microsoft.EntityFrameworkCore.SqlServer:6.0.24' with options: None
2023-11-23 23:34:59,772 [1] INFO Microsoft.EntityFrameworkCore.Infrastructure.?[?] - Entity Framework Core 6.0.24 initialized 'TicketingContext' using provider 'Microsoft.EntityFrameworkCore.SqlServer:6.0.24' with options: None
2023-11-23 23:35:05,892 [1] INFO Microsoft.EntityFrameworkCore.Database.Command.?[?] - Executed DbCommand (177ms) [Parameters=[], CommandType='Text', CommandTimeout='30']
SELECT 1
2023-11-23 23:35:06,235 [1] INFO Microsoft.EntityFrameworkCore.Database.Command.?[?] - Executed DbCommand (312ms) [Parameters=[], CommandType='Text', CommandTimeout='30']
SELECT OBJECT_ID(N'[__EFMigrationsHistory]');
2023-11-23 23:35:06,245 [1] INFO Microsoft.EntityFrameworkCore.Database.Command.?[?] - Executed DbCommand (3ms) [Parameters=[], CommandType='Text', CommandTimeout='30']
SELECT 1
2023-11-23 23:35:06,248 [1] INFO Microsoft.EntityFrameworkCore.Database.Command.?[?] - Executed DbCommand (1ms) [Parameters=[], CommandType='Text', CommandTimeout='30']
SELECT OBJECT_ID(N'[__EFMigrationsHistory]');
2023-11-23 23:35:06,373 [1] INFO Microsoft.EntityFrameworkCore.Database.Command.?[?] - Executed DbCommand (82ms) [Parameters=[], CommandType='Text', CommandTimeout='30']
SELECT [MigrationId], [ProductVersion]
FROM [__EFMigrationsHistory]
ORDER BY [MigrationId];
2023-11-23 23:35:06,412 [1] INFO Microsoft.EntityFrameworkCore.Migrations.?[?] - Applying migration '20231123180430_initial'.
2023-11-23 23:35:06,803 [1] ERROR Microsoft.EntityFrameworkCore.Database.Command.?[?] - Failed executing DbCommand (170ms) [Parameters=[], CommandType='Text', CommandTimeout='30']
CREATE TABLE [Bookings] (
    [BookingId] int NOT NULL IDENTITY,
    [UserId] int NOT NULL,
    [BusId] int NOT NULL,
    [Date] nvarchar(max) NULL,
    [NoOfSeats] int NOT NULL,
    [TotalFare] real NOT NULL,
    CONSTRAINT [PK_Bookings] PRIMARY KEY ([BookingId])
);
2023-11-23 23:36:56,187 [1] INFO Microsoft.EntityFrameworkCore.Infrastructure.?[?] - Entity Framework Core 6.0.24 initialized 'TicketingContext' using provider 'Microsoft.EntityFrameworkCore.SqlServer:6.0.24' with options: None
2023-11-23 23:37:28,057 [1] INFO Microsoft.EntityFrameworkCore.Infrastructure.?[?] - Entity Framework Core 6.0.24 initialized 'TicketingContext' using provider 'Microsoft.EntityFrameworkCore.SqlServer:6.0.24' with options: None
2023-11-23 23:37:32,529 [1] INFO Microsoft.EntityFrameworkCore.Database.Command.?[?] - Executed DbCommand (3,184ms) [Parameters=[], CommandType='Text', CommandTimeout='60']
CREATE DATABASE [dbBusTicketingSystem];
2023-11-23 23:37:33,355 [1] INFO Microsoft.EntityFrameworkCore.Database.Command.?[?] - Executed DbCommand (814ms) [Parameters=[], CommandType='Text', CommandTimeout='60']
IF SERVERPROPERTY('EngineEdition') <> 5
BEGIN
    ALTER DATABASE [dbBusTicketingSystem] SET READ_COMMITTED_SNAPSHOT ON;
END;
2023-11-23 23:37:33,405 [1] INFO Microsoft.EntityFrameworkCore.Database.Command.?[?] - Executed DbCommand (18ms) [Parameters=[], CommandType='Text', CommandTimeout='30']
SELECT 1
2023-11-23 23:37:33,619 [1] INFO Microsoft.EntityFrameworkCore.Database.Command.?[?] - Executed DbCommand (53ms) [Parameters=[], CommandType='Text', CommandTimeout='30']
CREATE TABLE [__EFMigrationsHistory] (
    [MigrationId] nvarchar(150) NOT NULL,
    [ProductVersion] nvarchar(32) NOT NULL,
    CONSTRAINT [PK___EFMigrationsHistory] PRIMARY KEY ([MigrationId])
);
2023-11-23 23:37:33,623 [1] INFO Microsoft.EntityFrameworkCore.Database.Command.?[?] - Executed DbCommand (1ms) [Parameters=[], CommandType='Text', CommandTimeout='30']
SELECT 1
2023-11-23 23:37:33,680 [1] INFO Microsoft.EntityFrameworkCore.Database.Command.?[?] - Executed DbCommand (35ms) [Parameters=[], CommandType='Text', CommandTimeout='30']
SELECT OBJECT_ID(N'[__EFMigrationsHistory]');
2023-11-23 23:37:33,724 [1] INFO Microsoft.EntityFrameworkCore.Database.Command.?[?] - Executed DbCommand (39ms) [Parameters=[], CommandType='Text', CommandTimeout='30']
SELECT [MigrationId], [ProductVersion]
FROM [__EFMigrationsHistory]
ORDER BY [MigrationId];
2023-11-23 23:37:33,768 [1] INFO Microsoft.EntityFrameworkCore.Migrations.?[?] - Applying migration '20231123180656_initial'.
2023-11-23 23:37:33,953 [1] INFO Microsoft.EntityFrameworkCore.Database.Command.?[?] - Executed DbCommand (131ms) [Parameters=[], CommandType='Text', CommandTimeout='30']
CREATE TABLE [Bookings] (
    [BookingId] int NOT NULL IDENTITY,
    [UserId] int NOT NULL,
    [BusId] int NOT NULL,
    [Date] nvarchar(max) NULL,
    [NoOfSeats] int NOT NULL,
    [TotalFare] real NOT NULL,
    CONSTRAINT [PK_Bookings] PRIMARY KEY ([BookingId])
);
2023-11-23 23:37:34,028 [1] INFO Microsoft.EntityFrameworkCore.Database.Command.?[?] - Executed DbCommand (73ms) [Parameters=[], CommandType='Text', CommandTimeout='30']
CREATE TABLE [Buses] (
    [Id] int NOT NULL IDENTITY,
    [Type] nvarchar(max) NOT NULL,
    [Cost] real NOT NULL,
    [AvailableSeats] int NOT NULL,
    [BookedSeats] int NOT NULL,
    [Start] nvarchar(max) NOT NULL,
    [End] nvarchar(max) NOT NULL,
    CONSTRAINT [PK_Buses] PRIMARY KEY ([Id])
);
2023-11-23 23:37:34,077 [1] INFO Microsoft.EntityFrameworkCore.Database.Command.?[?] - Executed DbCommand (39ms) [Parameters=[], CommandType='Text', CommandTimeout='30']
CREATE TABLE [BusRoutes] (
    [RouteId] int NOT NULL IDENTITY,
    [Start] nvarchar(max) NOT NULL,
    [End] nvarchar(max) NOT NULL,
    [Bus] int NOT NULL,
    CONSTRAINT [PK_BusRoutes] PRIMARY KEY ([RouteId])
);
2023-11-23 23:37:34,095 [1] INFO Microsoft.EntityFrameworkCore.Database.Command.?[?] - Executed DbCommand (15ms) [Parameters=[], CommandType='Text', CommandTimeout='30']
CREATE TABLE [Users] (
    [UserName] nvarchar(450) NOT NULL,
    [Email] nvarchar(max) NOT NULL,
    [Phone] nvarchar(max) NOT NULL,
    [City] nvarchar(max) NOT NULL,
    [Pincode] int NOT NULL,
    [Password] varbinary(max) NOT NULL,
    [Role] nvarchar(max) NOT NULL,
    [Key] varbinary(max) NOT NULL,
    CONSTRAINT [PK_Users] PRIMARY KEY ([UserName])
);
2023-11-23 23:37:34,312 [1] INFO Microsoft.EntityFrameworkCore.Database.Command.?[?] - Executed DbCommand (103ms) [Parameters=[], CommandType='Text', CommandTimeout='30']
INSERT INTO [__EFMigrationsHistory] ([MigrationId], [ProductVersion])
VALUES (N'20231123180656_initial', N'6.0.24');
2023-11-23 23:58:12,059 [1] INFO Microsoft.Hosting.Lifetime.?[?] - Now listening on: http://localhost:5041
2023-11-23 23:58:13,134 [1] INFO Microsoft.Hosting.Lifetime.OnApplicationStarted[0] - Application started. Press Ctrl+C to shut down.
2023-11-23 23:58:13,152 [1] INFO Microsoft.Hosting.Lifetime.OnApplicationStarted[0] - Hosting environment: Development
2023-11-23 23:58:13,156 [1] INFO Microsoft.Hosting.Lifetime.OnApplicationStarted[0] - Content root path: D:\hexaware\bus\BusTicketingWebSolution\BusTicketingWebApplication\
2023-11-24 00:02:58,328 [.NET ThreadPool Worker] INFO Microsoft.EntityFrameworkCore.Infrastructure.?[?] - Entity Framework Core 6.0.24 initialized 'TicketingContext' using provider 'Microsoft.EntityFrameworkCore.SqlServer:6.0.24' with options: None
2023-11-24 00:03:03,719 [.NET ThreadPool Worker] INFO Microsoft.EntityFrameworkCore.Database.Command.?[?] - Executed DbCommand (612ms) [Parameters=[@p0='?' (Size = 450), @p1='?' (Size = 4000), @p2='?' (Size = 4000), @p3='?' (Size = 8000) (DbType = Binary), @p4='?' (Size = 8000) (DbType = Binary), @p5='?' (Size = 4000), @p6='?' (DbType = Int32), @p7='?' (Size = 4000)], CommandType='Text', CommandTimeout='30']
SET NOCOUNT ON;
INSERT INTO [Users] ([UserName], [City], [Email], [Key], [Password], [Phone], [Pincode], [Role])
VALUES (@p0, @p1, @p2, @p3, @p4, @p5, @p6, @p7);
2023-11-24 00:04:19,811 [.NET ThreadPool Worker] INFO Microsoft.EntityFrameworkCore.Infrastructure.?[?] - Entity Framework Core 6.0.24 initialized 'TicketingContext' using provider 'Microsoft.EntityFrameworkCore.SqlServer:6.0.24' with options: None
2023-11-24 00:04:20,612 [.NET ThreadPool Worker] INFO Microsoft.EntityFrameworkCore.Database.Command.?[?] - Executed DbCommand (537ms) [Parameters=[@p0='?' (Size = 450), @p1='?' (Size = 4000), @p2='?' (Size = 4000), @p3='?' (Size = 8000) (DbType = Binary), @p4='?' (Size = 8000) (DbType = Binary), @p5='?' (Size = 4000), @p6='?' (DbType = Int32), @p7='?' (Size = 4000)], CommandType='Text', CommandTimeout='30']
SET NOCOUNT ON;
INSERT INTO [Users] ([UserName], [City], [Email], [Key], [Password], [Phone], [Pincode], [Role])
VALUES (@p0, @p1, @p2, @p3, @p4, @p5, @p6, @p7);
2023-11-24 00:05:38,992 [.NET ThreadPool Worker] INFO Microsoft.EntityFrameworkCore.Infrastructure.?[?] - Entity Framework Core 6.0.24 initialized 'TicketingContext' using provider 'Microsoft.EntityFrameworkCore.SqlServer:6.0.24' with options: None
2023-11-24 00:05:40,450 [.NET ThreadPool Worker] INFO Microsoft.EntityFrameworkCore.Database.Command.?[?] - Executed DbCommand (550ms) [Parameters=[@p0='?' (DbType = Int32), @p1='?' (DbType = Int32), @p2='?' (DbType = Single), @p3='?' (Size = 4000), @p4='?' (Size = 4000), @p5='?' (Size = 4000)], CommandType='Text', CommandTimeout='30']
SET NOCOUNT ON;
INSERT INTO [Buses] ([AvailableSeats], [BookedSeats], [Cost], [End], [Start], [Type])
VALUES (@p0, @p1, @p2, @p3, @p4, @p5);
SELECT [Id]
FROM [Buses]
WHERE @@ROWCOUNT = 1 AND [Id] = scope_identity();
2023-11-24 00:06:53,755 [.NET ThreadPool Worker] INFO Microsoft.EntityFrameworkCore.Infrastructure.?[?] - Entity Framework Core 6.0.24 initialized 'TicketingContext' using provider 'Microsoft.EntityFrameworkCore.SqlServer:6.0.24' with options: None
2023-11-24 00:06:53,790 [.NET ThreadPool Worker] INFO Microsoft.EntityFrameworkCore.Database.Command.?[?] - Executed DbCommand (26ms) [Parameters=[@p0='?' (DbType = Int32), @p1='?' (DbType = Int32), @p2='?' (DbType = Single), @p3='?' (Size = 4000), @p4='?' (Size = 4000), @p5='?' (Size = 4000)], CommandType='Text', CommandTimeout='30']
SET NOCOUNT ON;
INSERT INTO [Buses] ([AvailableSeats], [BookedSeats], [Cost], [End], [Start], [Type])
VALUES (@p0, @p1, @p2, @p3, @p4, @p5);
SELECT [Id]
FROM [Buses]
WHERE @@ROWCOUNT = 1 AND [Id] = scope_identity();
2023-11-24 00:07:17,650 [.NET ThreadPool Worker] INFO Microsoft.EntityFrameworkCore.Infrastructure.?[?] - Entity Framework Core 6.0.24 initialized 'TicketingContext' using provider 'Microsoft.EntityFrameworkCore.SqlServer:6.0.24' with options: None
2023-11-24 00:07:17,673 [.NET ThreadPool Worker] INFO Microsoft.EntityFrameworkCore.Database.Command.?[?] - Executed DbCommand (3ms) [Parameters=[@p0='?' (DbType = Int32), @p1='?' (DbType = Int32), @p2='?' (DbType = Single), @p3='?' (Size = 4000), @p4='?' (Size = 4000), @p5='?' (Size = 4000)], CommandType='Text', CommandTimeout='30']
SET NOCOUNT ON;
INSERT INTO [Buses] ([AvailableSeats], [BookedSeats], [Cost], [End], [Start], [Type])
VALUES (@p0, @p1, @p2, @p3, @p4, @p5);
SELECT [Id]
FROM [Buses]
WHERE @@ROWCOUNT = 1 AND [Id] = scope_identity();
2023-11-24 00:07:30,959 [.NET ThreadPool Worker] INFO Microsoft.EntityFrameworkCore.Infrastructure.?[?] - Entity Framework Core 6.0.24 initialized 'TicketingContext' using provider 'Microsoft.EntityFrameworkCore.SqlServer:6.0.24' with options: None
2023-11-24 00:07:30,981 [.NET ThreadPool Worker] INFO Microsoft.EntityFrameworkCore.Database.Command.?[?] - Executed DbCommand (6ms) [Parameters=[@p0='?' (DbType = Int32), @p1='?' (DbType = Int32), @p2='?' (DbType = Single), @p3='?' (Size = 4000), @p4='?' (Size = 4000), @p5='?' (Size = 4000)], CommandType='Text', CommandTimeout='30']
SET NOCOUNT ON;
INSERT INTO [Buses] ([AvailableSeats], [BookedSeats], [Cost], [End], [Start], [Type])
VALUES (@p0, @p1, @p2, @p3, @p4, @p5);
SELECT [Id]
FROM [Buses]
WHERE @@ROWCOUNT = 1 AND [Id] = scope_identity();
2023-11-24 00:08:26,680 [.NET ThreadPool Worker] INFO Microsoft.EntityFrameworkCore.Infrastructure.?[?] - Entity Framework Core 6.0.24 initialized 'TicketingContext' using provider 'Microsoft.EntityFrameworkCore.SqlServer:6.0.24' with options: None
2023-11-24 00:08:28,271 [.NET ThreadPool Worker] INFO Microsoft.EntityFrameworkCore.Database.Command.?[?] - Executed DbCommand (176ms) [Parameters=[], CommandType='Text', CommandTimeout='30']
SELECT COUNT(*)
FROM [Bookings] AS [b]
2023-11-24 00:09:25,055 [.NET ThreadPool Worker] INFO Microsoft.EntityFrameworkCore.Infrastructure.?[?] - Entity Framework Core 6.0.24 initialized 'TicketingContext' using provider 'Microsoft.EntityFrameworkCore.SqlServer:6.0.24' with options: None
2023-11-24 00:09:25,361 [.NET ThreadPool Worker] INFO Microsoft.EntityFrameworkCore.Database.Command.?[?] - Executed DbCommand (25ms) [Parameters=[@__key_0='?' (DbType = Int32)], CommandType='Text', CommandTimeout='30']
SELECT TOP(2) [b].[Id], [b].[AvailableSeats], [b].[BookedSeats], [b].[Cost], [b].[End], [b].[Start], [b].[Type]
FROM [Buses] AS [b]
WHERE [b].[Id] = @__key_0
2023-11-24 00:09:25,421 [.NET ThreadPool Worker] INFO Microsoft.EntityFrameworkCore.Database.Command.?[?] - Executed DbCommand (2ms) [Parameters=[@__key_0='?' (DbType = Int32)], CommandType='Text', CommandTimeout='30']
SELECT TOP(2) [b].[Id], [b].[AvailableSeats], [b].[BookedSeats], [b].[Cost], [b].[End], [b].[Start], [b].[Type]
FROM [Buses] AS [b]
WHERE [b].[Id] = @__key_0
2023-11-24 00:09:25,676 [.NET ThreadPool Worker] INFO Microsoft.EntityFrameworkCore.Database.Command.?[?] - Executed DbCommand (207ms) [Parameters=[@p6='?' (DbType = Int32), @p0='?' (DbType = Int32), @p1='?' (DbType = Int32), @p2='?' (DbType = Single), @p3='?' (Size = 4000), @p4='?' (Size = 4000), @p5='?' (Size = 4000)], CommandType='Text', CommandTimeout='30']
SET NOCOUNT ON;
UPDATE [Buses] SET [AvailableSeats] = @p0, [BookedSeats] = @p1, [Cost] = @p2, [End] = @p3, [Start] = @p4, [Type] = @p5
WHERE [Id] = @p6;
SELECT @@ROWCOUNT;
2023-11-24 00:09:25,819 [.NET ThreadPool Worker] INFO Microsoft.EntityFrameworkCore.Database.Command.?[?] - Executed DbCommand (85ms) [Parameters=[@p0='?' (DbType = Int32), @p1='?' (Size = 4000), @p2='?' (DbType = Int32), @p3='?' (DbType = Single), @p4='?' (DbType = Int32)], CommandType='Text', CommandTimeout='30']
SET NOCOUNT ON;
INSERT INTO [Bookings] ([BusId], [Date], [NoOfSeats], [TotalFare], [UserId])
VALUES (@p0, @p1, @p2, @p3, @p4);
SELECT [BookingId]
FROM [Bookings]
WHERE @@ROWCOUNT = 1 AND [BookingId] = scope_identity();
2023-11-24 00:09:40,018 [.NET ThreadPool Worker] INFO Microsoft.EntityFrameworkCore.Infrastructure.?[?] - Entity Framework Core 6.0.24 initialized 'TicketingContext' using provider 'Microsoft.EntityFrameworkCore.SqlServer:6.0.24' with options: None
2023-11-24 00:09:40,029 [.NET ThreadPool Worker] INFO Microsoft.EntityFrameworkCore.Database.Command.?[?] - Executed DbCommand (1ms) [Parameters=[], CommandType='Text', CommandTimeout='30']
SELECT COUNT(*)
FROM [Bookings] AS [b]
2023-11-24 00:09:40,050 [.NET ThreadPool Worker] INFO Microsoft.EntityFrameworkCore.Database.Command.?[?] - Executed DbCommand (10ms) [Parameters=[], CommandType='Text', CommandTimeout='30']
SELECT [b].[BookingId], [b].[BusId], [b].[Date], [b].[NoOfSeats], [b].[TotalFare], [b].[UserId]
FROM [Bookings] AS [b]
2023-11-24 00:10:39,391 [.NET ThreadPool Worker] INFO Microsoft.EntityFrameworkCore.Infrastructure.?[?] - Entity Framework Core 6.0.24 initialized 'TicketingContext' using provider 'Microsoft.EntityFrameworkCore.SqlServer:6.0.24' with options: None
2023-11-24 00:10:39,419 [.NET ThreadPool Worker] INFO Microsoft.EntityFrameworkCore.Database.Command.?[?] - Executed DbCommand (6ms) [Parameters=[], CommandType='Text', CommandTimeout='30']
SELECT COUNT(*)
FROM [Buses] AS [b]
2023-11-24 00:10:39,432 [.NET ThreadPool Worker] INFO Microsoft.EntityFrameworkCore.Database.Command.?[?] - Executed DbCommand (2ms) [Parameters=[], CommandType='Text', CommandTimeout='30']
SELECT [b].[Id], [b].[AvailableSeats], [b].[BookedSeats], [b].[Cost], [b].[End], [b].[Start], [b].[Type]
FROM [Buses] AS [b]
2023-11-24 00:11:08,787 [.NET ThreadPool Worker] INFO Microsoft.EntityFrameworkCore.Infrastructure.?[?] - Entity Framework Core 6.0.24 initialized 'TicketingContext' using provider 'Microsoft.EntityFrameworkCore.SqlServer:6.0.24' with options: None
2023-11-24 00:11:08,794 [.NET ThreadPool Worker] INFO Microsoft.EntityFrameworkCore.Database.Command.?[?] - Executed DbCommand (1ms) [Parameters=[@__key_0='?' (DbType = Int32)], CommandType='Text', CommandTimeout='30']
SELECT TOP(2) [b].[Id], [b].[AvailableSeats], [b].[BookedSeats], [b].[Cost], [b].[End], [b].[Start], [b].[Type]
FROM [Buses] AS [b]
WHERE [b].[Id] = @__key_0
2023-11-24 00:11:08,807 [.NET ThreadPool Worker] INFO Microsoft.EntityFrameworkCore.Database.Command.?[?] - Executed DbCommand (0ms) [Parameters=[@__key_0='?' (DbType = Int32)], CommandType='Text', CommandTimeout='30']
SELECT TOP(2) [b].[Id], [b].[AvailableSeats], [b].[BookedSeats], [b].[Cost], [b].[End], [b].[Start], [b].[Type]
FROM [Buses] AS [b]
WHERE [b].[Id] = @__key_0
2023-11-24 00:11:08,945 [.NET ThreadPool Worker] INFO Microsoft.EntityFrameworkCore.Database.Command.?[?] - Executed DbCommand (132ms) [Parameters=[@p6='?' (DbType = Int32), @p0='?' (DbType = Int32), @p1='?' (DbType = Int32), @p2='?' (DbType = Single), @p3='?' (Size = 4000), @p4='?' (Size = 4000), @p5='?' (Size = 4000)], CommandType='Text', CommandTimeout='30']
SET NOCOUNT ON;
UPDATE [Buses] SET [AvailableSeats] = @p0, [BookedSeats] = @p1, [Cost] = @p2, [End] = @p3, [Start] = @p4, [Type] = @p5
WHERE [Id] = @p6;
SELECT @@ROWCOUNT;
2023-11-24 00:11:08,959 [.NET ThreadPool Worker] INFO Microsoft.EntityFrameworkCore.Database.Command.?[?] - Executed DbCommand (4ms) [Parameters=[@p0='?' (DbType = Int32), @p1='?' (Size = 4000), @p2='?' (DbType = Int32), @p3='?' (DbType = Single), @p4='?' (DbType = Int32)], CommandType='Text', CommandTimeout='30']
SET NOCOUNT ON;
INSERT INTO [Bookings] ([BusId], [Date], [NoOfSeats], [TotalFare], [UserId])
VALUES (@p0, @p1, @p2, @p3, @p4);
SELECT [BookingId]
FROM [Bookings]
WHERE @@ROWCOUNT = 1 AND [BookingId] = scope_identity();
2023-11-24 00:14:11,215 [.NET ThreadPool Worker] INFO Microsoft.EntityFrameworkCore.Infrastructure.?[?] - Entity Framework Core 6.0.24 initialized 'TicketingContext' using provider 'Microsoft.EntityFrameworkCore.SqlServer:6.0.24' with options: None
2023-11-24 00:14:11,884 [.NET ThreadPool Worker] INFO Microsoft.EntityFrameworkCore.Database.Command.?[?] - Executed DbCommand (46ms) [Parameters=[], CommandType='Text', CommandTimeout='30']
SELECT COUNT(*)
FROM [Buses] AS [b]
2023-11-24 00:14:11,925 [.NET ThreadPool Worker] INFO Microsoft.EntityFrameworkCore.Database.Command.?[?] - Executed DbCommand (21ms) [Parameters=[], CommandType='Text', CommandTimeout='30']
SELECT [b].[Id], [b].[AvailableSeats], [b].[BookedSeats], [b].[Cost], [b].[End], [b].[Start], [b].[Type]
FROM [Buses] AS [b]
2023-11-24 00:14:29,836 [.NET ThreadPool Worker] INFO Microsoft.EntityFrameworkCore.Infrastructure.?[?] - Entity Framework Core 6.0.24 initialized 'TicketingContext' using provider 'Microsoft.EntityFrameworkCore.SqlServer:6.0.24' with options: None
2023-11-24 00:14:29,845 [.NET ThreadPool Worker] INFO Microsoft.EntityFrameworkCore.Database.Command.?[?] - Executed DbCommand (1ms) [Parameters=[], CommandType='Text', CommandTimeout='30']
SELECT COUNT(*)
FROM [Buses] AS [b]
2023-11-24 00:14:29,853 [.NET ThreadPool Worker] INFO Microsoft.EntityFrameworkCore.Database.Command.?[?] - Executed DbCommand (1ms) [Parameters=[], CommandType='Text', CommandTimeout='30']
SELECT [b].[Id], [b].[AvailableSeats], [b].[BookedSeats], [b].[Cost], [b].[End], [b].[Start], [b].[Type]
FROM [Buses] AS [b]
2023-11-24 15:04:14,178 [1] INFO Microsoft.Hosting.Lifetime.?[?] - Now listening on: http://localhost:5041
2023-11-24 15:04:31,638 [1] INFO Microsoft.Hosting.Lifetime.OnApplicationStarted[0] - Application started. Press Ctrl+C to shut down.
2023-11-24 15:04:31,742 [1] INFO Microsoft.Hosting.Lifetime.OnApplicationStarted[0] - Hosting environment: Development
2023-11-24 15:04:31,751 [1] INFO Microsoft.Hosting.Lifetime.OnApplicationStarted[0] - Content root path: D:\hexaware\bus\BusTicketingWebSolution\BusTicketingWebApplication\
2023-11-24 15:12:03,640 [.NET ThreadPool Worker] INFO Microsoft.EntityFrameworkCore.Infrastructure.?[?] - Entity Framework Core 6.0.24 initialized 'TicketingContext' using provider 'Microsoft.EntityFrameworkCore.SqlServer:6.0.24' with options: None
2023-11-24 15:12:11,142 [.NET ThreadPool Worker] INFO Microsoft.EntityFrameworkCore.Infrastructure.?[?] - Entity Framework Core 6.0.24 initialized 'TicketingContext' using provider 'Microsoft.EntityFrameworkCore.SqlServer:6.0.24' with options: None
2023-11-24 15:12:13,403 [.NET ThreadPool Worker] INFO Microsoft.EntityFrameworkCore.Database.Command.?[?] - Executed DbCommand (277ms) [Parameters=[], CommandType='Text', CommandTimeout='30']
SELECT COUNT(*)
FROM [Buses] AS [b]
2023-11-24 15:12:13,403 [.NET ThreadPool Worker] INFO Microsoft.EntityFrameworkCore.Database.Command.?[?] - Executed DbCommand (181ms) [Parameters=[], CommandType='Text', CommandTimeout='30']
SELECT COUNT(*)
FROM [Buses] AS [b]
2023-11-24 15:12:13,761 [.NET ThreadPool Worker] INFO Microsoft.EntityFrameworkCore.Database.Command.?[?] - Executed DbCommand (45ms) [Parameters=[], CommandType='Text', CommandTimeout='30']
SELECT [b].[Id], [b].[AvailableSeats], [b].[BookedSeats], [b].[Cost], [b].[End], [b].[Start], [b].[Type]
FROM [Buses] AS [b]
2023-11-24 15:12:13,786 [.NET ThreadPool Worker] INFO Microsoft.EntityFrameworkCore.Database.Command.?[?] - Executed DbCommand (45ms) [Parameters=[], CommandType='Text', CommandTimeout='30']
SELECT [b].[Id], [b].[AvailableSeats], [b].[BookedSeats], [b].[Cost], [b].[End], [b].[Start], [b].[Type]
FROM [Buses] AS [b]
2023-11-24 15:12:14,370 [.NET ThreadPool Worker] INFO Microsoft.EntityFrameworkCore.Infrastructure.?[?] - Entity Framework Core 6.0.24 initialized 'TicketingContext' using provider 'Microsoft.EntityFrameworkCore.SqlServer:6.0.24' with options: None
2023-11-24 15:12:14,388 [.NET ThreadPool Worker] INFO Microsoft.EntityFrameworkCore.Database.Command.?[?] - Executed DbCommand (3ms) [Parameters=[], CommandType='Text', CommandTimeout='30']
SELECT COUNT(*)
FROM [Buses] AS [b]
2023-11-24 15:12:14,440 [.NET ThreadPool Worker] INFO Microsoft.EntityFrameworkCore.Database.Command.?[?] - Executed DbCommand (28ms) [Parameters=[], CommandType='Text', CommandTimeout='30']
SELECT [b].[Id], [b].[AvailableSeats], [b].[BookedSeats], [b].[Cost], [b].[End], [b].[Start], [b].[Type]
FROM [Buses] AS [b]
2023-11-24 15:13:11,801 [.NET ThreadPool Worker] INFO Microsoft.EntityFrameworkCore.Infrastructure.?[?] - Entity Framework Core 6.0.24 initialized 'TicketingContext' using provider 'Microsoft.EntityFrameworkCore.SqlServer:6.0.24' with options: None
2023-11-24 15:13:11,875 [.NET ThreadPool Worker] INFO Microsoft.EntityFrameworkCore.Database.Command.?[?] - Executed DbCommand (25ms) [Parameters=[], CommandType='Text', CommandTimeout='30']
SELECT COUNT(*)
FROM [Buses] AS [b]
2023-11-24 15:13:11,887 [.NET ThreadPool Worker] INFO Microsoft.EntityFrameworkCore.Database.Command.?[?] - Executed DbCommand (4ms) [Parameters=[], CommandType='Text', CommandTimeout='30']
SELECT [b].[Id], [b].[AvailableSeats], [b].[BookedSeats], [b].[Cost], [b].[End], [b].[Start], [b].[Type]
FROM [Buses] AS [b]
2023-11-24 15:25:41,643 [1] INFO Microsoft.Hosting.Lifetime.?[?] - Now listening on: http://localhost:5041
2023-11-24 15:25:43,047 [1] INFO Microsoft.Hosting.Lifetime.OnApplicationStarted[0] - Application started. Press Ctrl+C to shut down.
2023-11-24 15:25:43,066 [1] INFO Microsoft.Hosting.Lifetime.OnApplicationStarted[0] - Hosting environment: Development
2023-11-24 15:25:43,072 [1] INFO Microsoft.Hosting.Lifetime.OnApplicationStarted[0] - Content root path: D:\hexaware\bus\BusTicketingWebSolution\BusTicketingWebApplication\
2023-11-24 15:39:58,977 [1] INFO Microsoft.Hosting.Lifetime.?[?] - Now listening on: http://localhost:5041
2023-11-24 15:40:13,234 [1] INFO Microsoft.Hosting.Lifetime.OnApplicationStarted[0] - Application started. Press Ctrl+C to shut down.
2023-11-24 15:40:13,274 [1] INFO Microsoft.Hosting.Lifetime.OnApplicationStarted[0] - Hosting environment: Development
2023-11-24 15:40:13,290 [1] INFO Microsoft.Hosting.Lifetime.OnApplicationStarted[0] - Content root path: D:\hexaware\bus\BusTicketingWebSolution\BusTicketingWebApplication\
2023-11-24 15:41:42,922 [.NET ThreadPool Worker] INFO Microsoft.EntityFrameworkCore.Infrastructure.?[?] - Entity Framework Core 6.0.24 initialized 'TicketingContext' using provider 'Microsoft.EntityFrameworkCore.SqlServer:6.0.24' with options: None
2023-11-24 15:41:50,017 [.NET ThreadPool Worker] INFO Microsoft.EntityFrameworkCore.Database.Command.?[?] - Executed DbCommand (1,133ms) [Parameters=[@p0='?' (DbType = Int32), @p1='?' (DbType = Int32), @p2='?' (DbType = Single), @p3='?' (Size = 4000), @p4='?' (Size = 4000), @p5='?' (Size = 4000)], CommandType='Text', CommandTimeout='30']
SET NOCOUNT ON;
INSERT INTO [Buses] ([AvailableSeats], [BookedSeats], [Cost], [End], [Start], [Type])
VALUES (@p0, @p1, @p2, @p3, @p4, @p5);
SELECT [Id]
FROM [Buses]
WHERE @@ROWCOUNT = 1 AND [Id] = scope_identity();
2023-11-24 15:42:44,525 [.NET ThreadPool Worker] INFO Microsoft.EntityFrameworkCore.Infrastructure.?[?] - Entity Framework Core 6.0.24 initialized 'TicketingContext' using provider 'Microsoft.EntityFrameworkCore.SqlServer:6.0.24' with options: None
2023-11-24 15:42:51,535 [.NET ThreadPool Worker] INFO Microsoft.EntityFrameworkCore.Database.Command.?[?] - Executed DbCommand (5,349ms) [Parameters=[@p0='?' (DbType = Int32), @p1='?' (DbType = Int32), @p2='?' (DbType = Single), @p3='?' (Size = 4000), @p4='?' (Size = 4000), @p5='?' (Size = 4000)], CommandType='Text', CommandTimeout='30']
SET NOCOUNT ON;
INSERT INTO [Buses] ([AvailableSeats], [BookedSeats], [Cost], [End], [Start], [Type])
VALUES (@p0, @p1, @p2, @p3, @p4, @p5);
SELECT [Id]
FROM [Buses]
WHERE @@ROWCOUNT = 1 AND [Id] = scope_identity();
2023-11-24 15:43:24,627 [.NET ThreadPool Worker] INFO Microsoft.EntityFrameworkCore.Infrastructure.?[?] - Entity Framework Core 6.0.24 initialized 'TicketingContext' using provider 'Microsoft.EntityFrameworkCore.SqlServer:6.0.24' with options: None
2023-11-24 15:43:24,715 [.NET ThreadPool Worker] INFO Microsoft.EntityFrameworkCore.Database.Command.?[?] - Executed DbCommand (74ms) [Parameters=[@p0='?' (DbType = Int32), @p1='?' (DbType = Int32), @p2='?' (DbType = Single), @p3='?' (Size = 4000), @p4='?' (Size = 4000), @p5='?' (Size = 4000)], CommandType='Text', CommandTimeout='30']
SET NOCOUNT ON;
INSERT INTO [Buses] ([AvailableSeats], [BookedSeats], [Cost], [End], [Start], [Type])
VALUES (@p0, @p1, @p2, @p3, @p4, @p5);
SELECT [Id]
FROM [Buses]
WHERE @@ROWCOUNT = 1 AND [Id] = scope_identity();
2023-11-24 16:05:21,215 [.NET ThreadPool Worker] INFO Microsoft.EntityFrameworkCore.Infrastructure.?[?] - Entity Framework Core 6.0.24 initialized 'TicketingContext' using provider 'Microsoft.EntityFrameworkCore.SqlServer:6.0.24' with options: None
2023-11-24 16:05:26,736 [.NET ThreadPool Worker] INFO Microsoft.EntityFrameworkCore.Database.Command.?[?] - Executed DbCommand (106ms) [Parameters=[], CommandType='Text', CommandTimeout='30']
SELECT COUNT(*)
FROM [Buses] AS [b]
2023-11-24 16:05:26,958 [.NET ThreadPool Worker] INFO Microsoft.EntityFrameworkCore.Database.Command.?[?] - Executed DbCommand (22ms) [Parameters=[], CommandType='Text', CommandTimeout='30']
SELECT [b].[Id], [b].[AvailableSeats], [b].[BookedSeats], [b].[Cost], [b].[End], [b].[Start], [b].[Type]
FROM [Buses] AS [b]
2023-11-24 16:05:27,134 [.NET ThreadPool Worker] INFO Microsoft.EntityFrameworkCore.Infrastructure.?[?] - Entity Framework Core 6.0.24 initialized 'TicketingContext' using provider 'Microsoft.EntityFrameworkCore.SqlServer:6.0.24' with options: None
2023-11-24 16:05:27,154 [.NET ThreadPool Worker] INFO Microsoft.EntityFrameworkCore.Database.Command.?[?] - Executed DbCommand (5ms) [Parameters=[], CommandType='Text', CommandTimeout='30']
SELECT COUNT(*)
FROM [Buses] AS [b]
2023-11-24 16:05:27,162 [.NET ThreadPool Worker] INFO Microsoft.EntityFrameworkCore.Database.Command.?[?] - Executed DbCommand (1ms) [Parameters=[], CommandType='Text', CommandTimeout='30']
SELECT [b].[Id], [b].[AvailableSeats], [b].[BookedSeats], [b].[Cost], [b].[End], [b].[Start], [b].[Type]
FROM [Buses] AS [b]
2023-11-24 16:14:58,701 [.NET ThreadPool Worker] INFO Microsoft.EntityFrameworkCore.Infrastructure.?[?] - Entity Framework Core 6.0.24 initialized 'TicketingContext' using provider 'Microsoft.EntityFrameworkCore.SqlServer:6.0.24' with options: None
2023-11-24 16:15:02,700 [.NET ThreadPool Worker] INFO Microsoft.EntityFrameworkCore.Database.Command.?[?] - Executed DbCommand (123ms) [Parameters=[], CommandType='Text', CommandTimeout='30']
SELECT COUNT(*)
FROM [Buses] AS [b]
2023-11-24 16:15:03,103 [.NET ThreadPool Worker] INFO Microsoft.EntityFrameworkCore.Database.Command.?[?] - Executed DbCommand (288ms) [Parameters=[], CommandType='Text', CommandTimeout='30']
SELECT [b].[Id], [b].[AvailableSeats], [b].[BookedSeats], [b].[Cost], [b].[End], [b].[Start], [b].[Type]
FROM [Buses] AS [b]
2023-11-24 16:15:03,337 [.NET ThreadPool Worker] INFO Microsoft.EntityFrameworkCore.Infrastructure.?[?] - Entity Framework Core 6.0.24 initialized 'TicketingContext' using provider 'Microsoft.EntityFrameworkCore.SqlServer:6.0.24' with options: None
2023-11-24 16:15:03,352 [.NET ThreadPool Worker] INFO Microsoft.EntityFrameworkCore.Database.Command.?[?] - Executed DbCommand (4ms) [Parameters=[], CommandType='Text', CommandTimeout='30']
SELECT COUNT(*)
FROM [Buses] AS [b]
2023-11-24 16:15:03,387 [.NET ThreadPool Worker] INFO Microsoft.EntityFrameworkCore.Database.Command.?[?] - Executed DbCommand (16ms) [Parameters=[], CommandType='Text', CommandTimeout='30']
SELECT [b].[Id], [b].[AvailableSeats], [b].[BookedSeats], [b].[Cost], [b].[End], [b].[Start], [b].[Type]
FROM [Buses] AS [b]
2023-11-24 17:34:53,117 [.NET ThreadPool Worker] INFO Microsoft.EntityFrameworkCore.Infrastructure.?[?] - Entity Framework Core 6.0.24 initialized 'TicketingContext' using provider 'Microsoft.EntityFrameworkCore.SqlServer:6.0.24' with options: None
2023-11-24 17:34:56,782 [.NET ThreadPool Worker] INFO Microsoft.EntityFrameworkCore.Database.Command.?[?] - Executed DbCommand (496ms) [Parameters=[@p0='?' (Size = 450), @p1='?' (Size = 4000), @p2='?' (Size = 4000), @p3='?' (Size = 8000) (DbType = Binary), @p4='?' (Size = 8000) (DbType = Binary), @p5='?' (Size = 4000), @p6='?' (DbType = Int32), @p7='?' (Size = 4000)], CommandType='Text', CommandTimeout='30']
SET NOCOUNT ON;
INSERT INTO [Users] ([UserName], [City], [Email], [Key], [Password], [Phone], [Pincode], [Role])
VALUES (@p0, @p1, @p2, @p3, @p4, @p5, @p6, @p7);
2023-11-24 17:34:59,498 [.NET ThreadPool Worker] INFO Microsoft.EntityFrameworkCore.Infrastructure.?[?] - Entity Framework Core 6.0.24 initialized 'TicketingContext' using provider 'Microsoft.EntityFrameworkCore.SqlServer:6.0.24' with options: None
2023-11-24 17:34:59,818 [.NET ThreadPool Worker] ERROR Microsoft.EntityFrameworkCore.Database.Command.?[?] - Failed executing DbCommand (140ms) [Parameters=[@p0='?' (Size = 450), @p1='?' (Size = 4000), @p2='?' (Size = 4000), @p3='?' (Size = 8000) (DbType = Binary), @p4='?' (Size = 8000) (DbType = Binary), @p5='?' (Size = 4000), @p6='?' (DbType = Int32), @p7='?' (Size = 4000)], CommandType='Text', CommandTimeout='30']
SET NOCOUNT ON;
INSERT INTO [Users] ([UserName], [City], [Email], [Key], [Password], [Phone], [Pincode], [Role])
VALUES (@p0, @p1, @p2, @p3, @p4, @p5, @p6, @p7);
2023-11-24 17:35:00,076 [.NET ThreadPool Worker] ERROR Microsoft.EntityFrameworkCore.Update.?[?] - An exception occurred in the database while saving changes for context type 'BusTicketingWebApplication.Contexts.TicketingContext'.
Microsoft.EntityFrameworkCore.DbUpdateException: An error occurred while saving the entity changes. See the inner exception for details.
 ---> Microsoft.Data.SqlClient.SqlException (0x80131904): Violation of PRIMARY KEY constraint 'PK_Users'. Cannot insert duplicate key in object 'dbo.Users'. The duplicate key value is (surendra).
The statement has been terminated.
   at Microsoft.Data.SqlClient.SqlConnection.OnError(SqlException exception, Boolean breakConnection, Action`1 wrapCloseInAction)
   at Microsoft.Data.SqlClient.TdsParser.ThrowExceptionAndWarning(TdsParserStateObject stateObj, Boolean callerHasConnectionLock, Boolean asyncClose)
   at Microsoft.Data.SqlClient.TdsParser.TryRun(RunBehavior runBehavior, SqlCommand cmdHandler, SqlDataReader dataStream, BulkCopySimpleResultSet bulkCopyHandler, TdsParserStateObject stateObj, Boolean& dataReady)
   at Microsoft.Data.SqlClient.SqlDataReader.TryConsumeMetaData()
   at Microsoft.Data.SqlClient.SqlDataReader.get_MetaData()
   at Microsoft.Data.SqlClient.SqlCommand.FinishExecuteReader(SqlDataReader ds, RunBehavior runBehavior, String resetOptionsString, Boolean isInternal, Boolean forDescribeParameterEncryption, Boolean shouldCacheForAlwaysEncrypted)
   at Microsoft.Data.SqlClient.SqlCommand.RunExecuteReaderTds(CommandBehavior cmdBehavior, RunBehavior runBehavior, Boolean returnStream, Boolean isAsync, Int32 timeout, Task& task, Boolean asyncWrite, Boolean inRetry, SqlDataReader ds, Boolean describeParameterEncryptionRequest)
   at Microsoft.Data.SqlClient.SqlCommand.RunExecuteReader(CommandBehavior cmdBehavior, RunBehavior runBehavior, Boolean returnStream, TaskCompletionSource`1 completion, Int32 timeout, Task& task, Boolean& usedCache, Boolean asyncWrite, Boolean inRetry, String method)
   at Microsoft.Data.SqlClient.SqlCommand.ExecuteReader(CommandBehavior behavior)
   at Microsoft.EntityFrameworkCore.Storage.RelationalCommand.ExecuteReader(RelationalCommandParameterObject parameterObject)
   at Microsoft.EntityFrameworkCore.Update.ReaderModificationCommandBatch.Execute(IRelationalConnection connection)
ClientConnectionId:e54b5812-147c-4807-9f4f-1ece259918c0
Error Number:2627,State:1,Class:14
   --- End of inner exception stack trace ---
   at Microsoft.EntityFrameworkCore.Update.ReaderModificationCommandBatch.Execute(IRelationalConnection connection)
   at Microsoft.EntityFrameworkCore.Update.Internal.BatchExecutor.Execute(IEnumerable`1 commandBatches, IRelationalConnection connection)
   at Microsoft.EntityFrameworkCore.ChangeTracking.Internal.StateManager.SaveChanges(IList`1 entriesToSave)
   at Microsoft.EntityFrameworkCore.ChangeTracking.Internal.StateManager.SaveChanges(StateManager stateManager, Boolean acceptAllChangesOnSuccess)
   at Microsoft.EntityFrameworkCore.SqlServer.Storage.Internal.SqlServerExecutionStrategy.Execute[TState,TResult](TState state, Func`3 operation, Func`3 verifySucceeded)
   at Microsoft.EntityFrameworkCore.ChangeTracking.Internal.StateManager.SaveChanges(Boolean acceptAllChangesOnSuccess)
   at Microsoft.EntityFrameworkCore.DbContext.SaveChanges(Boolean acceptAllChangesOnSuccess)
Microsoft.EntityFrameworkCore.DbUpdateException: An error occurred while saving the entity changes. See the inner exception for details.
 ---> Microsoft.Data.SqlClient.SqlException (0x80131904): Violation of PRIMARY KEY constraint 'PK_Users'. Cannot insert duplicate key in object 'dbo.Users'. The duplicate key value is (surendra).
The statement has been terminated.
   at Microsoft.Data.SqlClient.SqlConnection.OnError(SqlException exception, Boolean breakConnection, Action`1 wrapCloseInAction)
   at Microsoft.Data.SqlClient.TdsParser.ThrowExceptionAndWarning(TdsParserStateObject stateObj, Boolean callerHasConnectionLock, Boolean asyncClose)
   at Microsoft.Data.SqlClient.TdsParser.TryRun(RunBehavior runBehavior, SqlCommand cmdHandler, SqlDataReader dataStream, BulkCopySimpleResultSet bulkCopyHandler, TdsParserStateObject stateObj, Boolean& dataReady)
   at Microsoft.Data.SqlClient.SqlDataReader.TryConsumeMetaData()
   at Microsoft.Data.SqlClient.SqlDataReader.get_MetaData()
   at Microsoft.Data.SqlClient.SqlCommand.FinishExecuteReader(SqlDataReader ds, RunBehavior runBehavior, String resetOptionsString, Boolean isInternal, Boolean forDescribeParameterEncryption, Boolean shouldCacheForAlwaysEncrypted)
   at Microsoft.Data.SqlClient.SqlCommand.RunExecuteReaderTds(CommandBehavior cmdBehavior, RunBehavior runBehavior, Boolean returnStream, Boolean isAsync, Int32 timeout, Task& task, Boolean asyncWrite, Boolean inRetry, SqlDataReader ds, Boolean describeParameterEncryptionRequest)
   at Microsoft.Data.SqlClient.SqlCommand.RunExecuteReader(CommandBehavior cmdBehavior, RunBehavior runBehavior, Boolean returnStream, TaskCompletionSource`1 completion, Int32 timeout, Task& task, Boolean& usedCache, Boolean asyncWrite, Boolean inRetry, String method)
   at Microsoft.Data.SqlClient.SqlCommand.ExecuteReader(CommandBehavior behavior)
   at Microsoft.EntityFrameworkCore.Storage.RelationalCommand.ExecuteReader(RelationalCommandParameterObject parameterObject)
   at Microsoft.EntityFrameworkCore.Update.ReaderModificationCommandBatch.Execute(IRelationalConnection connection)
ClientConnectionId:e54b5812-147c-4807-9f4f-1ece259918c0
Error Number:2627,State:1,Class:14
   --- End of inner exception stack trace ---
   at Microsoft.EntityFrameworkCore.Update.ReaderModificationCommandBatch.Execute(IRelationalConnection connection)
   at Microsoft.EntityFrameworkCore.Update.Internal.BatchExecutor.Execute(IEnumerable`1 commandBatches, IRelationalConnection connection)
   at Microsoft.EntityFrameworkCore.ChangeTracking.Internal.StateManager.SaveChanges(IList`1 entriesToSave)
   at Microsoft.EntityFrameworkCore.ChangeTracking.Internal.StateManager.SaveChanges(StateManager stateManager, Boolean acceptAllChangesOnSuccess)
   at Microsoft.EntityFrameworkCore.SqlServer.Storage.Internal.SqlServerExecutionStrategy.Execute[TState,TResult](TState state, Func`3 operation, Func`3 verifySucceeded)
   at Microsoft.EntityFrameworkCore.ChangeTracking.Internal.StateManager.SaveChanges(Boolean acceptAllChangesOnSuccess)
   at Microsoft.EntityFrameworkCore.DbContext.SaveChanges(Boolean acceptAllChangesOnSuccess)
2023-11-24 17:35:02,683 [.NET ThreadPool Worker] INFO Microsoft.EntityFrameworkCore.Infrastructure.?[?] - Entity Framework Core 6.0.24 initialized 'TicketingContext' using provider 'Microsoft.EntityFrameworkCore.SqlServer:6.0.24' with options: None
2023-11-24 17:35:03,037 [.NET ThreadPool Worker] ERROR Microsoft.EntityFrameworkCore.Database.Command.?[?] - Failed executing DbCommand (345ms) [Parameters=[@p0='?' (Size = 450), @p1='?' (Size = 4000), @p2='?' (Size = 4000), @p3='?' (Size = 8000) (DbType = Binary), @p4='?' (Size = 8000) (DbType = Binary), @p5='?' (Size = 4000), @p6='?' (DbType = Int32), @p7='?' (Size = 4000)], CommandType='Text', CommandTimeout='30']
SET NOCOUNT ON;
INSERT INTO [Users] ([UserName], [City], [Email], [Key], [Password], [Phone], [Pincode], [Role])
VALUES (@p0, @p1, @p2, @p3, @p4, @p5, @p6, @p7);
2023-11-24 17:35:03,054 [.NET ThreadPool Worker] ERROR Microsoft.EntityFrameworkCore.Update.?[?] - An exception occurred in the database while saving changes for context type 'BusTicketingWebApplication.Contexts.TicketingContext'.
Microsoft.EntityFrameworkCore.DbUpdateException: An error occurred while saving the entity changes. See the inner exception for details.
 ---> Microsoft.Data.SqlClient.SqlException (0x80131904): Violation of PRIMARY KEY constraint 'PK_Users'. Cannot insert duplicate key in object 'dbo.Users'. The duplicate key value is (surendra).
The statement has been terminated.
   at Microsoft.Data.SqlClient.SqlConnection.OnError(SqlException exception, Boolean breakConnection, Action`1 wrapCloseInAction)
   at Microsoft.Data.SqlClient.TdsParser.ThrowExceptionAndWarning(TdsParserStateObject stateObj, Boolean callerHasConnectionLock, Boolean asyncClose)
   at Microsoft.Data.SqlClient.TdsParser.TryRun(RunBehavior runBehavior, SqlCommand cmdHandler, SqlDataReader dataStream, BulkCopySimpleResultSet bulkCopyHandler, TdsParserStateObject stateObj, Boolean& dataReady)
   at Microsoft.Data.SqlClient.SqlDataReader.TryConsumeMetaData()
   at Microsoft.Data.SqlClient.SqlDataReader.get_MetaData()
   at Microsoft.Data.SqlClient.SqlCommand.FinishExecuteReader(SqlDataReader ds, RunBehavior runBehavior, String resetOptionsString, Boolean isInternal, Boolean forDescribeParameterEncryption, Boolean shouldCacheForAlwaysEncrypted)
   at Microsoft.Data.SqlClient.SqlCommand.RunExecuteReaderTds(CommandBehavior cmdBehavior, RunBehavior runBehavior, Boolean returnStream, Boolean isAsync, Int32 timeout, Task& task, Boolean asyncWrite, Boolean inRetry, SqlDataReader ds, Boolean describeParameterEncryptionRequest)
   at Microsoft.Data.SqlClient.SqlCommand.RunExecuteReader(CommandBehavior cmdBehavior, RunBehavior runBehavior, Boolean returnStream, TaskCompletionSource`1 completion, Int32 timeout, Task& task, Boolean& usedCache, Boolean asyncWrite, Boolean inRetry, String method)
   at Microsoft.Data.SqlClient.SqlCommand.ExecuteReader(CommandBehavior behavior)
   at Microsoft.EntityFrameworkCore.Storage.RelationalCommand.ExecuteReader(RelationalCommandParameterObject parameterObject)
   at Microsoft.EntityFrameworkCore.Update.ReaderModificationCommandBatch.Execute(IRelationalConnection connection)
ClientConnectionId:e54b5812-147c-4807-9f4f-1ece259918c0
Error Number:2627,State:1,Class:14
   --- End of inner exception stack trace ---
   at Microsoft.EntityFrameworkCore.Update.ReaderModificationCommandBatch.Execute(IRelationalConnection connection)
   at Microsoft.EntityFrameworkCore.Update.Internal.BatchExecutor.Execute(IEnumerable`1 commandBatches, IRelationalConnection connection)
   at Microsoft.EntityFrameworkCore.ChangeTracking.Internal.StateManager.SaveChanges(IList`1 entriesToSave)
   at Microsoft.EntityFrameworkCore.ChangeTracking.Internal.StateManager.SaveChanges(StateManager stateManager, Boolean acceptAllChangesOnSuccess)
   at Microsoft.EntityFrameworkCore.SqlServer.Storage.Internal.SqlServerExecutionStrategy.Execute[TState,TResult](TState state, Func`3 operation, Func`3 verifySucceeded)
   at Microsoft.EntityFrameworkCore.ChangeTracking.Internal.StateManager.SaveChanges(Boolean acceptAllChangesOnSuccess)
   at Microsoft.EntityFrameworkCore.DbContext.SaveChanges(Boolean acceptAllChangesOnSuccess)
Microsoft.EntityFrameworkCore.DbUpdateException: An error occurred while saving the entity changes. See the inner exception for details.
 ---> Microsoft.Data.SqlClient.SqlException (0x80131904): Violation of PRIMARY KEY constraint 'PK_Users'. Cannot insert duplicate key in object 'dbo.Users'. The duplicate key value is (surendra).
The statement has been terminated.
   at Microsoft.Data.SqlClient.SqlConnection.OnError(SqlException exception, Boolean breakConnection, Action`1 wrapCloseInAction)
   at Microsoft.Data.SqlClient.TdsParser.ThrowExceptionAndWarning(TdsParserStateObject stateObj, Boolean callerHasConnectionLock, Boolean asyncClose)
   at Microsoft.Data.SqlClient.TdsParser.TryRun(RunBehavior runBehavior, SqlCommand cmdHandler, SqlDataReader dataStream, BulkCopySimpleResultSet bulkCopyHandler, TdsParserStateObject stateObj, Boolean& dataReady)
   at Microsoft.Data.SqlClient.SqlDataReader.TryConsumeMetaData()
   at Microsoft.Data.SqlClient.SqlDataReader.get_MetaData()
   at Microsoft.Data.SqlClient.SqlCommand.FinishExecuteReader(SqlDataReader ds, RunBehavior runBehavior, String resetOptionsString, Boolean isInternal, Boolean forDescribeParameterEncryption, Boolean shouldCacheForAlwaysEncrypted)
   at Microsoft.Data.SqlClient.SqlCommand.RunExecuteReaderTds(CommandBehavior cmdBehavior, RunBehavior runBehavior, Boolean returnStream, Boolean isAsync, Int32 timeout, Task& task, Boolean asyncWrite, Boolean inRetry, SqlDataReader ds, Boolean describeParameterEncryptionRequest)
   at Microsoft.Data.SqlClient.SqlCommand.RunExecuteReader(CommandBehavior cmdBehavior, RunBehavior runBehavior, Boolean returnStream, TaskCompletionSource`1 completion, Int32 timeout, Task& task, Boolean& usedCache, Boolean asyncWrite, Boolean inRetry, String method)
   at Microsoft.Data.SqlClient.SqlCommand.ExecuteReader(CommandBehavior behavior)
   at Microsoft.EntityFrameworkCore.Storage.RelationalCommand.ExecuteReader(RelationalCommandParameterObject parameterObject)
   at Microsoft.EntityFrameworkCore.Update.ReaderModificationCommandBatch.Execute(IRelationalConnection connection)
ClientConnectionId:e54b5812-147c-4807-9f4f-1ece259918c0
Error Number:2627,State:1,Class:14
   --- End of inner exception stack trace ---
   at Microsoft.EntityFrameworkCore.Update.ReaderModificationCommandBatch.Execute(IRelationalConnection connection)
   at Microsoft.EntityFrameworkCore.Update.Internal.BatchExecutor.Execute(IEnumerable`1 commandBatches, IRelationalConnection connection)
   at Microsoft.EntityFrameworkCore.ChangeTracking.Internal.StateManager.SaveChanges(IList`1 entriesToSave)
   at Microsoft.EntityFrameworkCore.ChangeTracking.Internal.StateManager.SaveChanges(StateManager stateManager, Boolean acceptAllChangesOnSuccess)
   at Microsoft.EntityFrameworkCore.SqlServer.Storage.Internal.SqlServerExecutionStrategy.Execute[TState,TResult](TState state, Func`3 operation, Func`3 verifySucceeded)
   at Microsoft.EntityFrameworkCore.ChangeTracking.Internal.StateManager.SaveChanges(Boolean acceptAllChangesOnSuccess)
   at Microsoft.EntityFrameworkCore.DbContext.SaveChanges(Boolean acceptAllChangesOnSuccess)
2023-11-24 17:36:51,729 [.NET ThreadPool Worker] INFO Microsoft.EntityFrameworkCore.Infrastructure.?[?] - Entity Framework Core 6.0.24 initialized 'TicketingContext' using provider 'Microsoft.EntityFrameworkCore.SqlServer:6.0.24' with options: None
2023-11-24 17:36:52,506 [.NET ThreadPool Worker] ERROR Microsoft.EntityFrameworkCore.Database.Command.?[?] - Failed executing DbCommand (442ms) [Parameters=[@p0='?' (Size = 450), @p1='?' (Size = 4000), @p2='?' (Size = 4000), @p3='?' (Size = 8000) (DbType = Binary), @p4='?' (Size = 8000) (DbType = Binary), @p5='?' (Size = 4000), @p6='?' (DbType = Int32), @p7='?' (Size = 4000)], CommandType='Text', CommandTimeout='30']
SET NOCOUNT ON;
INSERT INTO [Users] ([UserName], [City], [Email], [Key], [Password], [Phone], [Pincode], [Role])
VALUES (@p0, @p1, @p2, @p3, @p4, @p5, @p6, @p7);
2023-11-24 17:36:52,694 [.NET ThreadPool Worker] ERROR Microsoft.EntityFrameworkCore.Update.?[?] - An exception occurred in the database while saving changes for context type 'BusTicketingWebApplication.Contexts.TicketingContext'.
Microsoft.EntityFrameworkCore.DbUpdateException: An error occurred while saving the entity changes. See the inner exception for details.
 ---> Microsoft.Data.SqlClient.SqlException (0x80131904): Violation of PRIMARY KEY constraint 'PK_Users'. Cannot insert duplicate key in object 'dbo.Users'. The duplicate key value is (surendra).
The statement has been terminated.
   at Microsoft.Data.SqlClient.SqlConnection.OnError(SqlException exception, Boolean breakConnection, Action`1 wrapCloseInAction)
   at Microsoft.Data.SqlClient.TdsParser.ThrowExceptionAndWarning(TdsParserStateObject stateObj, Boolean callerHasConnectionLock, Boolean asyncClose)
   at Microsoft.Data.SqlClient.TdsParser.TryRun(RunBehavior runBehavior, SqlCommand cmdHandler, SqlDataReader dataStream, BulkCopySimpleResultSet bulkCopyHandler, TdsParserStateObject stateObj, Boolean& dataReady)
   at Microsoft.Data.SqlClient.SqlDataReader.TryConsumeMetaData()
   at Microsoft.Data.SqlClient.SqlDataReader.get_MetaData()
   at Microsoft.Data.SqlClient.SqlCommand.FinishExecuteReader(SqlDataReader ds, RunBehavior runBehavior, String resetOptionsString, Boolean isInternal, Boolean forDescribeParameterEncryption, Boolean shouldCacheForAlwaysEncrypted)
   at Microsoft.Data.SqlClient.SqlCommand.RunExecuteReaderTds(CommandBehavior cmdBehavior, RunBehavior runBehavior, Boolean returnStream, Boolean isAsync, Int32 timeout, Task& task, Boolean asyncWrite, Boolean inRetry, SqlDataReader ds, Boolean describeParameterEncryptionRequest)
   at Microsoft.Data.SqlClient.SqlCommand.RunExecuteReader(CommandBehavior cmdBehavior, RunBehavior runBehavior, Boolean returnStream, TaskCompletionSource`1 completion, Int32 timeout, Task& task, Boolean& usedCache, Boolean asyncWrite, Boolean inRetry, String method)
   at Microsoft.Data.SqlClient.SqlCommand.ExecuteReader(CommandBehavior behavior)
   at Microsoft.EntityFrameworkCore.Storage.RelationalCommand.ExecuteReader(RelationalCommandParameterObject parameterObject)
   at Microsoft.EntityFrameworkCore.Update.ReaderModificationCommandBatch.Execute(IRelationalConnection connection)
ClientConnectionId:e54b5812-147c-4807-9f4f-1ece259918c0
Error Number:2627,State:1,Class:14
   --- End of inner exception stack trace ---
   at Microsoft.EntityFrameworkCore.Update.ReaderModificationCommandBatch.Execute(IRelationalConnection connection)
   at Microsoft.EntityFrameworkCore.Update.Internal.BatchExecutor.Execute(IEnumerable`1 commandBatches, IRelationalConnection connection)
   at Microsoft.EntityFrameworkCore.ChangeTracking.Internal.StateManager.SaveChanges(IList`1 entriesToSave)
   at Microsoft.EntityFrameworkCore.ChangeTracking.Internal.StateManager.SaveChanges(StateManager stateManager, Boolean acceptAllChangesOnSuccess)
   at Microsoft.EntityFrameworkCore.SqlServer.Storage.Internal.SqlServerExecutionStrategy.Execute[TState,TResult](TState state, Func`3 operation, Func`3 verifySucceeded)
   at Microsoft.EntityFrameworkCore.ChangeTracking.Internal.StateManager.SaveChanges(Boolean acceptAllChangesOnSuccess)
   at Microsoft.EntityFrameworkCore.DbContext.SaveChanges(Boolean acceptAllChangesOnSuccess)
Microsoft.EntityFrameworkCore.DbUpdateException: An error occurred while saving the entity changes. See the inner exception for details.
 ---> Microsoft.Data.SqlClient.SqlException (0x80131904): Violation of PRIMARY KEY constraint 'PK_Users'. Cannot insert duplicate key in object 'dbo.Users'. The duplicate key value is (surendra).
The statement has been terminated.
   at Microsoft.Data.SqlClient.SqlConnection.OnError(SqlException exception, Boolean breakConnection, Action`1 wrapCloseInAction)
   at Microsoft.Data.SqlClient.TdsParser.ThrowExceptionAndWarning(TdsParserStateObject stateObj, Boolean callerHasConnectionLock, Boolean asyncClose)
   at Microsoft.Data.SqlClient.TdsParser.TryRun(RunBehavior runBehavior, SqlCommand cmdHandler, SqlDataReader dataStream, BulkCopySimpleResultSet bulkCopyHandler, TdsParserStateObject stateObj, Boolean& dataReady)
   at Microsoft.Data.SqlClient.SqlDataReader.TryConsumeMetaData()
   at Microsoft.Data.SqlClient.SqlDataReader.get_MetaData()
   at Microsoft.Data.SqlClient.SqlCommand.FinishExecuteReader(SqlDataReader ds, RunBehavior runBehavior, String resetOptionsString, Boolean isInternal, Boolean forDescribeParameterEncryption, Boolean shouldCacheForAlwaysEncrypted)
   at Microsoft.Data.SqlClient.SqlCommand.RunExecuteReaderTds(CommandBehavior cmdBehavior, RunBehavior runBehavior, Boolean returnStream, Boolean isAsync, Int32 timeout, Task& task, Boolean asyncWrite, Boolean inRetry, SqlDataReader ds, Boolean describeParameterEncryptionRequest)
   at Microsoft.Data.SqlClient.SqlCommand.RunExecuteReader(CommandBehavior cmdBehavior, RunBehavior runBehavior, Boolean returnStream, TaskCompletionSource`1 completion, Int32 timeout, Task& task, Boolean& usedCache, Boolean asyncWrite, Boolean inRetry, String method)
   at Microsoft.Data.SqlClient.SqlCommand.ExecuteReader(CommandBehavior behavior)
   at Microsoft.EntityFrameworkCore.Storage.RelationalCommand.ExecuteReader(RelationalCommandParameterObject parameterObject)
   at Microsoft.EntityFrameworkCore.Update.ReaderModificationCommandBatch.Execute(IRelationalConnection connection)
ClientConnectionId:e54b5812-147c-4807-9f4f-1ece259918c0
Error Number:2627,State:1,Class:14
   --- End of inner exception stack trace ---
   at Microsoft.EntityFrameworkCore.Update.ReaderModificationCommandBatch.Execute(IRelationalConnection connection)
   at Microsoft.EntityFrameworkCore.Update.Internal.BatchExecutor.Execute(IEnumerable`1 commandBatches, IRelationalConnection connection)
   at Microsoft.EntityFrameworkCore.ChangeTracking.Internal.StateManager.SaveChanges(IList`1 entriesToSave)
   at Microsoft.EntityFrameworkCore.ChangeTracking.Internal.StateManager.SaveChanges(StateManager stateManager, Boolean acceptAllChangesOnSuccess)
   at Microsoft.EntityFrameworkCore.SqlServer.Storage.Internal.SqlServerExecutionStrategy.Execute[TState,TResult](TState state, Func`3 operation, Func`3 verifySucceeded)
   at Microsoft.EntityFrameworkCore.ChangeTracking.Internal.StateManager.SaveChanges(Boolean acceptAllChangesOnSuccess)
   at Microsoft.EntityFrameworkCore.DbContext.SaveChanges(Boolean acceptAllChangesOnSuccess)
2023-11-24 17:37:16,137 [.NET ThreadPool Worker] INFO Microsoft.EntityFrameworkCore.Infrastructure.?[?] - Entity Framework Core 6.0.24 initialized 'TicketingContext' using provider 'Microsoft.EntityFrameworkCore.SqlServer:6.0.24' with options: None
2023-11-24 17:37:16,180 [.NET ThreadPool Worker] INFO Microsoft.EntityFrameworkCore.Database.Command.?[?] - Executed DbCommand (14ms) [Parameters=[@p0='?' (Size = 450), @p1='?' (Size = 4000), @p2='?' (Size = 4000), @p3='?' (Size = 8000) (DbType = Binary), @p4='?' (Size = 8000) (DbType = Binary), @p5='?' (Size = 4000), @p6='?' (DbType = Int32), @p7='?' (Size = 4000)], CommandType='Text', CommandTimeout='30']
SET NOCOUNT ON;
INSERT INTO [Users] ([UserName], [City], [Email], [Key], [Password], [Phone], [Pincode], [Role])
VALUES (@p0, @p1, @p2, @p3, @p4, @p5, @p6, @p7);
2023-11-24 17:40:46,343 [.NET ThreadPool Worker] INFO Microsoft.EntityFrameworkCore.Infrastructure.?[?] - Entity Framework Core 6.0.24 initialized 'TicketingContext' using provider 'Microsoft.EntityFrameworkCore.SqlServer:6.0.24' with options: None
2023-11-24 17:40:49,225 [.NET ThreadPool Worker] INFO Microsoft.EntityFrameworkCore.Database.Command.?[?] - Executed DbCommand (438ms) [Parameters=[], CommandType='Text', CommandTimeout='30']
SELECT COUNT(*)
FROM [Buses] AS [b]
2023-11-24 17:40:49,343 [.NET ThreadPool Worker] INFO Microsoft.EntityFrameworkCore.Database.Command.?[?] - Executed DbCommand (18ms) [Parameters=[], CommandType='Text', CommandTimeout='30']
SELECT [b].[Id], [b].[AvailableSeats], [b].[BookedSeats], [b].[Cost], [b].[End], [b].[Start], [b].[Type]
FROM [Buses] AS [b]
2023-11-25 15:07:00,901 [1] INFO Microsoft.Hosting.Lifetime.?[?] - Now listening on: http://localhost:5041
2023-11-25 15:07:02,281 [1] INFO Microsoft.Hosting.Lifetime.OnApplicationStarted[0] - Application started. Press Ctrl+C to shut down.
2023-11-25 15:07:02,323 [1] INFO Microsoft.Hosting.Lifetime.OnApplicationStarted[0] - Hosting environment: Development
2023-11-25 15:07:02,328 [1] INFO Microsoft.Hosting.Lifetime.OnApplicationStarted[0] - Content root path: D:\hexaware\bus\BusTicketingWebSolution\BusTicketingWebApplication\
2023-11-25 15:12:25,962 [.NET ThreadPool Worker] INFO Microsoft.EntityFrameworkCore.Infrastructure.?[?] - Entity Framework Core 6.0.24 initialized 'TicketingContext' using provider 'Microsoft.EntityFrameworkCore.SqlServer:6.0.24' with options: None
2023-11-25 15:12:37,464 [.NET ThreadPool Worker] INFO Microsoft.EntityFrameworkCore.Database.Command.?[?] - Executed DbCommand (750ms) [Parameters=[@__key_0='?' (Size = 450)], CommandType='Text', CommandTimeout='30']
SELECT TOP(2) [u].[UserName], [u].[City], [u].[Email], [u].[Key], [u].[Password], [u].[Phone], [u].[Pincode], [u].[Role]
FROM [Users] AS [u]
WHERE [u].[UserName] = @__key_0
2023-11-25 15:13:48,134 [.NET ThreadPool Worker] INFO Microsoft.EntityFrameworkCore.Infrastructure.?[?] - Entity Framework Core 6.0.24 initialized 'TicketingContext' using provider 'Microsoft.EntityFrameworkCore.SqlServer:6.0.24' with options: None
2023-11-25 15:13:48,619 [.NET ThreadPool Worker] INFO Microsoft.EntityFrameworkCore.Database.Command.?[?] - Executed DbCommand (450ms) [Parameters=[@__key_0='?' (Size = 450)], CommandType='Text', CommandTimeout='30']
SELECT TOP(2) [u].[UserName], [u].[City], [u].[Email], [u].[Key], [u].[Password], [u].[Phone], [u].[Pincode], [u].[Role]
FROM [Users] AS [u]
WHERE [u].[UserName] = @__key_0
2023-11-25 15:18:54,371 [.NET ThreadPool Worker] INFO Microsoft.EntityFrameworkCore.Infrastructure.?[?] - Entity Framework Core 6.0.24 initialized 'TicketingContext' using provider 'Microsoft.EntityFrameworkCore.SqlServer:6.0.24' with options: None
2023-11-25 15:18:56,416 [.NET ThreadPool Worker] INFO Microsoft.EntityFrameworkCore.Database.Command.?[?] - Executed DbCommand (148ms) [Parameters=[@__key_0='?' (Size = 450)], CommandType='Text', CommandTimeout='30']
SELECT TOP(2) [u].[UserName], [u].[City], [u].[Email], [u].[Key], [u].[Password], [u].[Phone], [u].[Pincode], [u].[Role]
FROM [Users] AS [u]
WHERE [u].[UserName] = @__key_0
2023-11-25 15:21:50,272 [.NET ThreadPool Worker] INFO Microsoft.EntityFrameworkCore.Infrastructure.?[?] - Entity Framework Core 6.0.24 initialized 'TicketingContext' using provider 'Microsoft.EntityFrameworkCore.SqlServer:6.0.24' with options: None
2023-11-25 15:21:51,072 [.NET ThreadPool Worker] INFO Microsoft.EntityFrameworkCore.Database.Command.?[?] - Executed DbCommand (418ms) [Parameters=[@__key_0='?' (Size = 450)], CommandType='Text', CommandTimeout='30']
SELECT TOP(2) [u].[UserName], [u].[City], [u].[Email], [u].[Key], [u].[Password], [u].[Phone], [u].[Pincode], [u].[Role]
FROM [Users] AS [u]
WHERE [u].[UserName] = @__key_0
2023-11-25 15:21:56,960 [.NET ThreadPool Worker] INFO Microsoft.EntityFrameworkCore.Infrastructure.?[?] - Entity Framework Core 6.0.24 initialized 'TicketingContext' using provider 'Microsoft.EntityFrameworkCore.SqlServer:6.0.24' with options: None
2023-11-25 15:21:56,978 [.NET ThreadPool Worker] INFO Microsoft.EntityFrameworkCore.Database.Command.?[?] - Executed DbCommand (5ms) [Parameters=[@__key_0='?' (Size = 450)], CommandType='Text', CommandTimeout='30']
SELECT TOP(2) [u].[UserName], [u].[City], [u].[Email], [u].[Key], [u].[Password], [u].[Phone], [u].[Pincode], [u].[Role]
FROM [Users] AS [u]
WHERE [u].[UserName] = @__key_0
2023-11-25 15:22:33,521 [.NET ThreadPool Worker] INFO Microsoft.EntityFrameworkCore.Infrastructure.?[?] - Entity Framework Core 6.0.24 initialized 'TicketingContext' using provider 'Microsoft.EntityFrameworkCore.SqlServer:6.0.24' with options: None
2023-11-25 15:22:33,538 [.NET ThreadPool Worker] INFO Microsoft.EntityFrameworkCore.Database.Command.?[?] - Executed DbCommand (2ms) [Parameters=[@__key_0='?' (Size = 450)], CommandType='Text', CommandTimeout='30']
SELECT TOP(2) [u].[UserName], [u].[City], [u].[Email], [u].[Key], [u].[Password], [u].[Phone], [u].[Pincode], [u].[Role]
FROM [Users] AS [u]
WHERE [u].[UserName] = @__key_0
2023-11-25 15:38:40,979 [.NET ThreadPool Worker] INFO Microsoft.EntityFrameworkCore.Infrastructure.?[?] - Entity Framework Core 6.0.24 initialized 'TicketingContext' using provider 'Microsoft.EntityFrameworkCore.SqlServer:6.0.24' with options: None
2023-11-25 15:38:45,627 [.NET ThreadPool Worker] INFO Microsoft.EntityFrameworkCore.Database.Command.?[?] - Executed DbCommand (325ms) [Parameters=[], CommandType='Text', CommandTimeout='30']
SELECT COUNT(*)
FROM [Bookings] AS [b]
2023-11-25 15:38:45,867 [.NET ThreadPool Worker] INFO Microsoft.EntityFrameworkCore.Database.Command.?[?] - Executed DbCommand (26ms) [Parameters=[], CommandType='Text', CommandTimeout='30']
SELECT [b].[BookingId], [b].[BusId], [b].[Date], [b].[NoOfSeats], [b].[TotalFare], [b].[UserId]
FROM [Bookings] AS [b]
2023-11-25 16:40:05,760 [1] INFO Microsoft.Hosting.Lifetime.?[?] - Now listening on: http://localhost:5041
2023-11-25 16:40:07,662 [1] INFO Microsoft.Hosting.Lifetime.OnApplicationStarted[0] - Application started. Press Ctrl+C to shut down.
2023-11-25 16:40:07,690 [1] INFO Microsoft.Hosting.Lifetime.OnApplicationStarted[0] - Hosting environment: Development
2023-11-25 16:40:07,698 [1] INFO Microsoft.Hosting.Lifetime.OnApplicationStarted[0] - Content root path: D:\hexaware\bus\BusTicketingWebSolution\BusTicketingWebApplication\
2023-11-25 16:57:18,715 [1] INFO Microsoft.Hosting.Lifetime.?[?] - Now listening on: http://localhost:5041
2023-11-25 16:57:19,510 [1] INFO Microsoft.Hosting.Lifetime.OnApplicationStarted[0] - Application started. Press Ctrl+C to shut down.
2023-11-25 16:57:19,525 [1] INFO Microsoft.Hosting.Lifetime.OnApplicationStarted[0] - Hosting environment: Development
2023-11-25 16:57:19,529 [1] INFO Microsoft.Hosting.Lifetime.OnApplicationStarted[0] - Content root path: D:\hexaware\bus\BusTicketingWebSolution\BusTicketingWebApplication\
2023-11-25 17:00:36,366 [.NET ThreadPool Worker] INFO Microsoft.EntityFrameworkCore.Infrastructure.?[?] - Entity Framework Core 6.0.24 initialized 'TicketingContext' using provider 'Microsoft.EntityFrameworkCore.SqlServer:6.0.24' with options: None
2023-11-25 17:00:43,769 [.NET ThreadPool Worker] INFO Microsoft.EntityFrameworkCore.Database.Command.?[?] - Executed DbCommand (459ms) [Parameters=[@__key_0='?' (Size = 450)], CommandType='Text', CommandTimeout='30']
SELECT TOP(2) [u].[UserName], [u].[City], [u].[Email], [u].[Key], [u].[Password], [u].[Phone], [u].[Pincode], [u].[Role]
FROM [Users] AS [u]
WHERE [u].[UserName] = @__key_0
2023-11-25 17:01:31,074 [.NET ThreadPool Worker] INFO Microsoft.EntityFrameworkCore.Infrastructure.?[?] - Entity Framework Core 6.0.24 initialized 'TicketingContext' using provider 'Microsoft.EntityFrameworkCore.SqlServer:6.0.24' with options: None
2023-11-25 17:01:31,453 [.NET ThreadPool Worker] INFO Microsoft.EntityFrameworkCore.Database.Command.?[?] - Executed DbCommand (314ms) [Parameters=[], CommandType='Text', CommandTimeout='30']
SELECT COUNT(*)
FROM [Users] AS [u]
2023-11-25 17:01:31,540 [.NET ThreadPool Worker] INFO Microsoft.EntityFrameworkCore.Database.Command.?[?] - Executed DbCommand (74ms) [Parameters=[], CommandType='Text', CommandTimeout='30']
SELECT [u].[UserName], [u].[City], [u].[Email], [u].[Key], [u].[Password], [u].[Phone], [u].[Pincode], [u].[Role]
FROM [Users] AS [u]
2023-11-25 17:04:08,089 [.NET ThreadPool Worker] INFO Microsoft.EntityFrameworkCore.Infrastructure.?[?] - Entity Framework Core 6.0.24 initialized 'TicketingContext' using provider 'Microsoft.EntityFrameworkCore.SqlServer:6.0.24' with options: None
2023-11-25 17:04:08,542 [.NET ThreadPool Worker] INFO Microsoft.EntityFrameworkCore.Database.Command.?[?] - Executed DbCommand (411ms) [Parameters=[@__key_0='?' (Size = 450)], CommandType='Text', CommandTimeout='30']
SELECT TOP(2) [u].[UserName], [u].[City], [u].[Email], [u].[Key], [u].[Password], [u].[Phone], [u].[Pincode], [u].[Role]
FROM [Users] AS [u]
WHERE [u].[UserName] = @__key_0
2023-11-25 17:04:08,581 [.NET ThreadPool Worker] INFO Microsoft.EntityFrameworkCore.Database.Command.?[?] - Executed DbCommand (10ms) [Parameters=[@__key_0='?' (Size = 450)], CommandType='Text', CommandTimeout='30']
SELECT TOP(2) [u].[UserName], [u].[City], [u].[Email], [u].[Key], [u].[Password], [u].[Phone], [u].[Pincode], [u].[Role]
FROM [Users] AS [u]
WHERE [u].[UserName] = @__key_0
2023-11-25 17:04:09,730 [.NET ThreadPool Worker] INFO Microsoft.EntityFrameworkCore.Database.Command.?[?] - Executed DbCommand (803ms) [Parameters=[@p7='?' (Size = 450), @p0='?' (Size = 4000), @p1='?' (Size = 4000), @p2='?' (Size = 8000) (DbType = Binary), @p3='?' (Size = 8000) (DbType = Binary), @p4='?' (Size = 4000), @p5='?' (DbType = Int32), @p6='?' (Size = 4000)], CommandType='Text', CommandTimeout='30']
SET NOCOUNT ON;
UPDATE [Users] SET [City] = @p0, [Email] = @p1, [Key] = @p2, [Password] = @p3, [Phone] = @p4, [Pincode] = @p5, [Role] = @p6
WHERE [UserName] = @p7;
SELECT @@ROWCOUNT;
2023-11-25 17:04:20,919 [.NET ThreadPool Worker] INFO Microsoft.EntityFrameworkCore.Infrastructure.?[?] - Entity Framework Core 6.0.24 initialized 'TicketingContext' using provider 'Microsoft.EntityFrameworkCore.SqlServer:6.0.24' with options: None
2023-11-25 17:04:21,283 [.NET ThreadPool Worker] INFO Microsoft.EntityFrameworkCore.Database.Command.?[?] - Executed DbCommand (349ms) [Parameters=[], CommandType='Text', CommandTimeout='30']
SELECT COUNT(*)
FROM [Users] AS [u]
2023-11-25 17:04:21,295 [.NET ThreadPool Worker] INFO Microsoft.EntityFrameworkCore.Database.Command.?[?] - Executed DbCommand (1ms) [Parameters=[], CommandType='Text', CommandTimeout='30']
SELECT [u].[UserName], [u].[City], [u].[Email], [u].[Key], [u].[Password], [u].[Phone], [u].[Pincode], [u].[Role]
FROM [Users] AS [u]
2023-11-25 17:04:40,538 [.NET ThreadPool Worker] INFO Microsoft.EntityFrameworkCore.Infrastructure.?[?] - Entity Framework Core 6.0.24 initialized 'TicketingContext' using provider 'Microsoft.EntityFrameworkCore.SqlServer:6.0.24' with options: None
2023-11-25 17:04:40,792 [.NET ThreadPool Worker] INFO Microsoft.EntityFrameworkCore.Database.Command.?[?] - Executed DbCommand (245ms) [Parameters=[@__key_0='?' (Size = 450)], CommandType='Text', CommandTimeout='30']
SELECT TOP(2) [u].[UserName], [u].[City], [u].[Email], [u].[Key], [u].[Password], [u].[Phone], [u].[Pincode], [u].[Role]
FROM [Users] AS [u]
WHERE [u].[UserName] = @__key_0
2023-11-25 17:04:40,844 [.NET ThreadPool Worker] INFO Microsoft.EntityFrameworkCore.Database.Command.?[?] - Executed DbCommand (0ms) [Parameters=[@__key_0='?' (Size = 450)], CommandType='Text', CommandTimeout='30']
SELECT TOP(2) [u].[UserName], [u].[City], [u].[Email], [u].[Key], [u].[Password], [u].[Phone], [u].[Pincode], [u].[Role]
FROM [Users] AS [u]
WHERE [u].[UserName] = @__key_0
2023-11-25 17:04:40,864 [.NET ThreadPool Worker] INFO Microsoft.EntityFrameworkCore.Database.Command.?[?] - Executed DbCommand (8ms) [Parameters=[@p7='?' (Size = 450), @p0='?' (Size = 4000), @p1='?' (Size = 4000), @p2='?' (Size = 8000) (DbType = Binary), @p3='?' (Size = 8000) (DbType = Binary), @p4='?' (Size = 4000), @p5='?' (DbType = Int32), @p6='?' (Size = 4000)], CommandType='Text', CommandTimeout='30']
SET NOCOUNT ON;
UPDATE [Users] SET [City] = @p0, [Email] = @p1, [Key] = @p2, [Password] = @p3, [Phone] = @p4, [Pincode] = @p5, [Role] = @p6
WHERE [UserName] = @p7;
SELECT @@ROWCOUNT;
2023-11-25 17:04:54,752 [.NET ThreadPool Worker] INFO Microsoft.EntityFrameworkCore.Infrastructure.?[?] - Entity Framework Core 6.0.24 initialized 'TicketingContext' using provider 'Microsoft.EntityFrameworkCore.SqlServer:6.0.24' with options: None
2023-11-25 17:04:55,052 [.NET ThreadPool Worker] INFO Microsoft.EntityFrameworkCore.Database.Command.?[?] - Executed DbCommand (292ms) [Parameters=[@__key_0='?' (Size = 450)], CommandType='Text', CommandTimeout='30']
SELECT TOP(2) [u].[UserName], [u].[City], [u].[Email], [u].[Key], [u].[Password], [u].[Phone], [u].[Pincode], [u].[Role]
FROM [Users] AS [u]
WHERE [u].[UserName] = @__key_0
2023-11-25 17:05:04,487 [.NET ThreadPool Worker] INFO Microsoft.EntityFrameworkCore.Infrastructure.?[?] - Entity Framework Core 6.0.24 initialized 'TicketingContext' using provider 'Microsoft.EntityFrameworkCore.SqlServer:6.0.24' with options: None
2023-11-25 17:05:04,518 [.NET ThreadPool Worker] INFO Microsoft.EntityFrameworkCore.Database.Command.?[?] - Executed DbCommand (5ms) [Parameters=[@__key_0='?' (Size = 450)], CommandType='Text', CommandTimeout='30']
SELECT TOP(2) [u].[UserName], [u].[City], [u].[Email], [u].[Key], [u].[Password], [u].[Phone], [u].[Pincode], [u].[Role]
FROM [Users] AS [u]
WHERE [u].[UserName] = @__key_0
2023-11-25 17:05:43,925 [.NET ThreadPool Worker] INFO Microsoft.EntityFrameworkCore.Infrastructure.?[?] - Entity Framework Core 6.0.24 initialized 'TicketingContext' using provider 'Microsoft.EntityFrameworkCore.SqlServer:6.0.24' with options: None
2023-11-25 17:05:44,173 [.NET ThreadPool Worker] INFO Microsoft.EntityFrameworkCore.Database.Command.?[?] - Executed DbCommand (242ms) [Parameters=[@__key_0='?' (Size = 450)], CommandType='Text', CommandTimeout='30']
SELECT TOP(2) [u].[UserName], [u].[City], [u].[Email], [u].[Key], [u].[Password], [u].[Phone], [u].[Pincode], [u].[Role]
FROM [Users] AS [u]
WHERE [u].[UserName] = @__key_0
2023-11-25 17:05:44,179 [.NET ThreadPool Worker] INFO Microsoft.EntityFrameworkCore.Database.Command.?[?] - Executed DbCommand (0ms) [Parameters=[@__key_0='?' (Size = 450)], CommandType='Text', CommandTimeout='30']
SELECT TOP(2) [u].[UserName], [u].[City], [u].[Email], [u].[Key], [u].[Password], [u].[Phone], [u].[Pincode], [u].[Role]
FROM [Users] AS [u]
WHERE [u].[UserName] = @__key_0
2023-11-25 17:05:44,389 [.NET ThreadPool Worker] INFO Microsoft.EntityFrameworkCore.Database.Command.?[?] - Executed DbCommand (194ms) [Parameters=[@p7='?' (Size = 450), @p0='?' (Size = 4000), @p1='?' (Size = 4000), @p2='?' (Size = 8000) (DbType = Binary), @p3='?' (Size = 8000) (DbType = Binary), @p4='?' (Size = 4000), @p5='?' (DbType = Int32), @p6='?' (Size = 4000)], CommandType='Text', CommandTimeout='30']
SET NOCOUNT ON;
UPDATE [Users] SET [City] = @p0, [Email] = @p1, [Key] = @p2, [Password] = @p3, [Phone] = @p4, [Pincode] = @p5, [Role] = @p6
WHERE [UserName] = @p7;
SELECT @@ROWCOUNT;
2023-11-25 17:36:54,102 [1] INFO Microsoft.Hosting.Lifetime.?[?] - Now listening on: http://localhost:5041
2023-11-25 17:36:54,733 [1] INFO Microsoft.Hosting.Lifetime.OnApplicationStarted[0] - Application started. Press Ctrl+C to shut down.
2023-11-25 17:36:54,766 [1] INFO Microsoft.Hosting.Lifetime.OnApplicationStarted[0] - Hosting environment: Development
2023-11-25 17:36:54,771 [1] INFO Microsoft.Hosting.Lifetime.OnApplicationStarted[0] - Content root path: D:\hexaware\bus\BusTicketingWebSolution\BusTicketingWebApplication\
2023-11-25 17:39:05,453 [.NET ThreadPool Worker] INFO Microsoft.EntityFrameworkCore.Infrastructure.?[?] - Entity Framework Core 6.0.24 initialized 'TicketingContext' using provider 'Microsoft.EntityFrameworkCore.SqlServer:6.0.24' with options: None
2023-11-25 17:39:13,185 [.NET ThreadPool Worker] INFO Microsoft.EntityFrameworkCore.Database.Command.?[?] - Executed DbCommand (747ms) [Parameters=[@__key_0='?' (Size = 450)], CommandType='Text', CommandTimeout='30']
SELECT TOP(2) [u].[UserName], [u].[City], [u].[Email], [u].[Key], [u].[Password], [u].[Phone], [u].[Pincode], [u].[Role]
FROM [Users] AS [u]
WHERE [u].[UserName] = @__key_0
2023-11-25 17:39:13,919 [.NET ThreadPool Worker] INFO Microsoft.EntityFrameworkCore.Database.Command.?[?] - Executed DbCommand (372ms) [Parameters=[@__key_0='?' (Size = 450)], CommandType='Text', CommandTimeout='30']
SELECT TOP(2) [u].[UserName], [u].[City], [u].[Email], [u].[Key], [u].[Password], [u].[Phone], [u].[Pincode], [u].[Role]
FROM [Users] AS [u]
WHERE [u].[UserName] = @__key_0
2023-11-25 17:39:14,524 [.NET ThreadPool Worker] INFO Microsoft.EntityFrameworkCore.Database.Command.?[?] - Executed DbCommand (291ms) [Parameters=[@p7='?' (Size = 450), @p0='?' (Size = 4000), @p1='?' (Size = 4000), @p2='?' (Size = 8000) (DbType = Binary), @p3='?' (Size = 8000) (DbType = Binary), @p4='?' (Size = 4000), @p5='?' (DbType = Int32), @p6='?' (Size = 4000)], CommandType='Text', CommandTimeout='30']
SET NOCOUNT ON;
UPDATE [Users] SET [City] = @p0, [Email] = @p1, [Key] = @p2, [Password] = @p3, [Phone] = @p4, [Pincode] = @p5, [Role] = @p6
WHERE [UserName] = @p7;
SELECT @@ROWCOUNT;
2023-11-25 17:39:53,200 [.NET ThreadPool Worker] INFO Microsoft.EntityFrameworkCore.Infrastructure.?[?] - Entity Framework Core 6.0.24 initialized 'TicketingContext' using provider 'Microsoft.EntityFrameworkCore.SqlServer:6.0.24' with options: None
2023-11-25 17:39:53,568 [.NET ThreadPool Worker] INFO Microsoft.EntityFrameworkCore.Database.Command.?[?] - Executed DbCommand (349ms) [Parameters=[@__key_0='?' (Size = 450)], CommandType='Text', CommandTimeout='30']
SELECT TOP(2) [u].[UserName], [u].[City], [u].[Email], [u].[Key], [u].[Password], [u].[Phone], [u].[Pincode], [u].[Role]
FROM [Users] AS [u]
WHERE [u].[UserName] = @__key_0
2023-11-25 17:40:28,487 [.NET ThreadPool Worker] INFO Microsoft.EntityFrameworkCore.Infrastructure.?[?] - Entity Framework Core 6.0.24 initialized 'TicketingContext' using provider 'Microsoft.EntityFrameworkCore.SqlServer:6.0.24' with options: None
2023-11-25 17:40:28,605 [.NET ThreadPool Worker] INFO Microsoft.EntityFrameworkCore.Database.Command.?[?] - Executed DbCommand (44ms) [Parameters=[], CommandType='Text', CommandTimeout='30']
SELECT COUNT(*)
FROM [Users] AS [u]
2023-11-25 17:40:28,636 [.NET ThreadPool Worker] INFO Microsoft.EntityFrameworkCore.Database.Command.?[?] - Executed DbCommand (7ms) [Parameters=[], CommandType='Text', CommandTimeout='30']
SELECT [u].[UserName], [u].[City], [u].[Email], [u].[Key], [u].[Password], [u].[Phone], [u].[Pincode], [u].[Role]
FROM [Users] AS [u]
2023-11-25 17:59:44,216 [1] INFO Microsoft.Hosting.Lifetime.?[?] - Now listening on: http://localhost:5041
2023-11-25 17:59:45,433 [1] INFO Microsoft.Hosting.Lifetime.OnApplicationStarted[0] - Application started. Press Ctrl+C to shut down.
2023-11-25 17:59:45,466 [1] INFO Microsoft.Hosting.Lifetime.OnApplicationStarted[0] - Hosting environment: Development
2023-11-25 17:59:45,486 [1] INFO Microsoft.Hosting.Lifetime.OnApplicationStarted[0] - Content root path: D:\hexaware\bus\BusTicketingWebSolution\BusTicketingWebApplication\
2023-11-25 18:01:42,759 [.NET ThreadPool Worker] INFO Microsoft.EntityFrameworkCore.Infrastructure.?[?] - Entity Framework Core 6.0.24 initialized 'TicketingContext' using provider 'Microsoft.EntityFrameworkCore.SqlServer:6.0.24' with options: None
2023-11-25 18:01:49,486 [.NET ThreadPool Worker] ERROR Microsoft.EntityFrameworkCore.Database.Command.?[?] - Failed executing DbCommand (1,365ms) [Parameters=[@__key_0='?' (Size = 450)], CommandType='Text', CommandTimeout='30']
SELECT TOP(2) [u].[UserName], [u].[City], [u].[Email], [u].[Id], [u].[Key], [u].[Password], [u].[Phone], [u].[Pincode], [u].[Role]
FROM [Users] AS [u]
WHERE [u].[UserName] = @__key_0
2023-11-25 18:01:49,683 [.NET ThreadPool Worker] ERROR Microsoft.EntityFrameworkCore.Query.?[?] - An exception occurred while iterating over the results of a query for context type 'BusTicketingWebApplication.Contexts.TicketingContext'.
Microsoft.Data.SqlClient.SqlException (0x80131904): Invalid column name 'Id'.
   at Microsoft.Data.SqlClient.SqlConnection.OnError(SqlException exception, Boolean breakConnection, Action`1 wrapCloseInAction)
   at Microsoft.Data.SqlClient.TdsParser.ThrowExceptionAndWarning(TdsParserStateObject stateObj, Boolean callerHasConnectionLock, Boolean asyncClose)
   at Microsoft.Data.SqlClient.TdsParser.TryRun(RunBehavior runBehavior, SqlCommand cmdHandler, SqlDataReader dataStream, BulkCopySimpleResultSet bulkCopyHandler, TdsParserStateObject stateObj, Boolean& dataReady)
   at Microsoft.Data.SqlClient.SqlDataReader.TryConsumeMetaData()
   at Microsoft.Data.SqlClient.SqlDataReader.get_MetaData()
   at Microsoft.Data.SqlClient.SqlCommand.FinishExecuteReader(SqlDataReader ds, RunBehavior runBehavior, String resetOptionsString, Boolean isInternal, Boolean forDescribeParameterEncryption, Boolean shouldCacheForAlwaysEncrypted)
   at Microsoft.Data.SqlClient.SqlCommand.RunExecuteReaderTds(CommandBehavior cmdBehavior, RunBehavior runBehavior, Boolean returnStream, Boolean isAsync, Int32 timeout, Task& task, Boolean asyncWrite, Boolean inRetry, SqlDataReader ds, Boolean describeParameterEncryptionRequest)
   at Microsoft.Data.SqlClient.SqlCommand.RunExecuteReader(CommandBehavior cmdBehavior, RunBehavior runBehavior, Boolean returnStream, TaskCompletionSource`1 completion, Int32 timeout, Task& task, Boolean& usedCache, Boolean asyncWrite, Boolean inRetry, String method)
   at Microsoft.Data.SqlClient.SqlCommand.ExecuteReader(CommandBehavior behavior)
   at Microsoft.EntityFrameworkCore.Storage.RelationalCommand.ExecuteReader(RelationalCommandParameterObject parameterObject)
   at Microsoft.EntityFrameworkCore.Query.Internal.SingleQueryingEnumerable`1.Enumerator.InitializeReader(Enumerator enumerator)
   at Microsoft.EntityFrameworkCore.SqlServer.Storage.Internal.SqlServerExecutionStrategy.Execute[TState,TResult](TState state, Func`3 operation, Func`3 verifySucceeded)
   at Microsoft.EntityFrameworkCore.Query.Internal.SingleQueryingEnumerable`1.Enumerator.MoveNext()
ClientConnectionId:a3e5453a-826c-4f85-a7e3-cf857650dd32
Error Number:207,State:1,Class:16
Microsoft.Data.SqlClient.SqlException (0x80131904): Invalid column name 'Id'.
   at Microsoft.Data.SqlClient.SqlConnection.OnError(SqlException exception, Boolean breakConnection, Action`1 wrapCloseInAction)
   at Microsoft.Data.SqlClient.TdsParser.ThrowExceptionAndWarning(TdsParserStateObject stateObj, Boolean callerHasConnectionLock, Boolean asyncClose)
   at Microsoft.Data.SqlClient.TdsParser.TryRun(RunBehavior runBehavior, SqlCommand cmdHandler, SqlDataReader dataStream, BulkCopySimpleResultSet bulkCopyHandler, TdsParserStateObject stateObj, Boolean& dataReady)
   at Microsoft.Data.SqlClient.SqlDataReader.TryConsumeMetaData()
   at Microsoft.Data.SqlClient.SqlDataReader.get_MetaData()
   at Microsoft.Data.SqlClient.SqlCommand.FinishExecuteReader(SqlDataReader ds, RunBehavior runBehavior, String resetOptionsString, Boolean isInternal, Boolean forDescribeParameterEncryption, Boolean shouldCacheForAlwaysEncrypted)
   at Microsoft.Data.SqlClient.SqlCommand.RunExecuteReaderTds(CommandBehavior cmdBehavior, RunBehavior runBehavior, Boolean returnStream, Boolean isAsync, Int32 timeout, Task& task, Boolean asyncWrite, Boolean inRetry, SqlDataReader ds, Boolean describeParameterEncryptionRequest)
   at Microsoft.Data.SqlClient.SqlCommand.RunExecuteReader(CommandBehavior cmdBehavior, RunBehavior runBehavior, Boolean returnStream, TaskCompletionSource`1 completion, Int32 timeout, Task& task, Boolean& usedCache, Boolean asyncWrite, Boolean inRetry, String method)
   at Microsoft.Data.SqlClient.SqlCommand.ExecuteReader(CommandBehavior behavior)
   at Microsoft.EntityFrameworkCore.Storage.RelationalCommand.ExecuteReader(RelationalCommandParameterObject parameterObject)
   at Microsoft.EntityFrameworkCore.Query.Internal.SingleQueryingEnumerable`1.Enumerator.InitializeReader(Enumerator enumerator)
   at Microsoft.EntityFrameworkCore.SqlServer.Storage.Internal.SqlServerExecutionStrategy.Execute[TState,TResult](TState state, Func`3 operation, Func`3 verifySucceeded)
   at Microsoft.EntityFrameworkCore.Query.Internal.SingleQueryingEnumerable`1.Enumerator.MoveNext()
ClientConnectionId:a3e5453a-826c-4f85-a7e3-cf857650dd32
Error Number:207,State:1,Class:16
2023-11-25 18:05:50,257 [1] INFO Microsoft.Hosting.Lifetime.?[?] - Now listening on: http://localhost:5041
2023-11-25 18:05:54,666 [1] INFO Microsoft.Hosting.Lifetime.OnApplicationStarted[0] - Application started. Press Ctrl+C to shut down.
2023-11-25 18:05:54,689 [1] INFO Microsoft.Hosting.Lifetime.OnApplicationStarted[0] - Hosting environment: Development
2023-11-25 18:05:54,702 [1] INFO Microsoft.Hosting.Lifetime.OnApplicationStarted[0] - Content root path: D:\hexaware\bus\BusTicketingWebSolution\BusTicketingWebApplication\
2023-11-25 18:06:46,733 [.NET ThreadPool Worker] INFO Microsoft.EntityFrameworkCore.Infrastructure.?[?] - Entity Framework Core 6.0.24 initialized 'TicketingContext' using provider 'Microsoft.EntityFrameworkCore.SqlServer:6.0.24' with options: None
2023-11-25 18:06:54,323 [.NET ThreadPool Worker] INFO Microsoft.EntityFrameworkCore.Database.Command.?[?] - Executed DbCommand (789ms) [Parameters=[@__key_0='?' (Size = 450)], CommandType='Text', CommandTimeout='30']
SELECT TOP(2) [u].[UserName], [u].[City], [u].[Email], [u].[Key], [u].[Password], [u].[Phone], [u].[Pincode], [u].[Role]
FROM [Users] AS [u]
WHERE [u].[UserName] = @__key_0
2023-11-25 18:06:54,802 [.NET ThreadPool Worker] INFO Microsoft.EntityFrameworkCore.Database.Command.?[?] - Executed DbCommand (12ms) [Parameters=[@__key_0='?' (Size = 450)], CommandType='Text', CommandTimeout='30']
SELECT TOP(2) [u].[UserName], [u].[City], [u].[Email], [u].[Key], [u].[Password], [u].[Phone], [u].[Pincode], [u].[Role]
FROM [Users] AS [u]
WHERE [u].[UserName] = @__key_0
2023-11-25 18:06:55,454 [.NET ThreadPool Worker] INFO Microsoft.EntityFrameworkCore.Database.Command.?[?] - Executed DbCommand (295ms) [Parameters=[@p7='?' (Size = 450), @p0='?' (Size = 4000), @p1='?' (Size = 4000), @p2='?' (Size = 8000) (DbType = Binary), @p3='?' (Size = 8000) (DbType = Binary), @p4='?' (Size = 4000), @p5='?' (DbType = Int32), @p6='?' (Size = 4000)], CommandType='Text', CommandTimeout='30']
SET NOCOUNT ON;
UPDATE [Users] SET [City] = @p0, [Email] = @p1, [Key] = @p2, [Password] = @p3, [Phone] = @p4, [Pincode] = @p5, [Role] = @p6
WHERE [UserName] = @p7;
SELECT @@ROWCOUNT;
